<xml><ToUserName><![CDATA[gh_f91894e6efcb]]></ToUserName>
<FromUserName><![CDATA[oPs5ouBE-oCZM_fpbeVAWVRb2ZZo]]></FromUserName>
<CreateTime>1512612069</CreateTime>
<MsgType><![CDATA[text]]></MsgType>
<Content><![CDATA[你好]]></Content>
<MsgId>6496619368316931866</MsgId>
</xml><xml><ToUserName><![CDATA[gh_f91894e6efcb]]></ToUserName>
<FromUserName><![CDATA[oPs5ouJQPOetteHr1id7HrmkWhBA]]></FromUserName>
<CreateTime>1512612079</CreateTime>
<MsgType><![CDATA[text]]></MsgType>
<Content><![CDATA[1]]></Content>
<MsgId>6496619411266604837</MsgId>
</xml><xml><ToUserName><![CDATA[gh_f91894e6efcb]]></ToUserName>
<FromUserName><![CDATA[oPs5ouNL-PMrIF5Xjiw7l1fq5r2E]]></FromUserName>
<CreateTime>1512612084</CreateTime>
<MsgType><![CDATA[text]]></MsgType>
<Content><![CDATA[你好]]></Content>
<MsgId>6496619432741441324</MsgId>
</xml><xml><ToUserName><![CDATA[gh_f91894e6efcb]]></ToUserName>
<FromUserName><![CDATA[oPs5ouAKpnM7F4kKTdYrApv5TtJA]]></FromUserName>
<CreateTime>1512612086</CreateTime>
<MsgType><![CDATA[text]]></MsgType>
<Content><![CDATA[/:sun]]></Content>
<MsgId>6496619441331375918</MsgId>
</xml><xml><ToUserName><![CDATA[gh_f91894e6efcb]]></ToUserName>
<FromUserName><![CDATA[oPs5ouBE-oCZM_fpbeVAWVRb2ZZo]]></FromUserName>
<CreateTime>1512612090</CreateTime>
<MsgType><![CDATA[text]]></MsgType>
<Content><![CDATA[你不好]]></Content>
<MsgId>6496619458511245105</MsgId>
</xml><xml><ToUserName><![CDATA[gh_f91894e6efcb]]></ToUserName>
<FromUserName><![CDATA[oPs5ouMEk9AZ6Oj1rWUX8sj0DJUs]]></FromUserName>
<CreateTime>1512612091</CreateTime>
<MsgType><![CDATA[text]]></MsgType>
<Content><![CDATA[在]]></Content>
<MsgId>6496619462806212403</MsgId>
</xml><xml><ToUserName><![CDATA[gh_f91894e6efcb]]></ToUserName>
<FromUserName><![CDATA[oPs5ouCvdfLgVYFP6aRLNhlO-vdQ]]></FromUserName>
<CreateTime>1512612094</CreateTime>
<MsgType><![CDATA[text]]></MsgType>
<Content><![CDATA[hi]]></Content>
<MsgId>6496619475691114293</MsgId>
</xml><xml><ToUserName><![CDATA[gh_f91894e6efcb]]></ToUserName>
<FromUserName><![CDATA[oPs5ouNZpAdJqDSkaaY9cc_TUs5c]]></FromUserName>
<CreateTime>1512612095</CreateTime>
<MsgType><![CDATA[text]]></MsgType>
<Content><![CDATA[/::)/::)/::)/::)/::)/::)]]></Content>
<MsgId>6496619479986081591</MsgId>
</xml><xml><ToUserName><![CDATA[gh_f91894e6efcb]]></ToUserName>
<FromUserName><![CDATA[oPs5ouNZpAdJqDSkaaY9cc_TUs5c]]></FromUserName>
<CreateTime>1512612098</CreateTime>
<MsgType><![CDATA[text]]></MsgType>
<Content><![CDATA[/::)]]></Content>
<MsgId>6496619492870983484</MsgId>
</xml><xml><ToUserName><![CDATA[gh_f91894e6efcb]]></ToUserName>
<FromUserName><![CDATA[oPs5ouNZpAdJqDSkaaY9cc_TUs5c]]></FromUserName>
<CreateTime>1512612098</CreateTime>
<MsgType><![CDATA[text]]></MsgType>
<Content><![CDATA[/::)]]></Content>
<MsgId>6496619492870983486</MsgId>
</xml><xml><ToUserName><![CDATA[gh_f91894e6efcb]]></ToUserName>
<FromUserName><![CDATA[oPs5ouLW3qg7P6CLj-jS7M1XVtSw]]></FromUserName>
<CreateTime>1512612100</CreateTime>
<MsgType><![CDATA[text]]></MsgType>
<Content><![CDATA[马东旭]]></Content>
<MsgId>6496619501460918080</MsgId>
</xml><xml><ToUserName><![CDATA[gh_f91894e6efcb]]></ToUserName>
<FromUserName><![CDATA[oPs5ouJo9l4yBJCWcWvbyIKQEFFc]]></FromUserName>
<CreateTime>1512612100</CreateTime>
<MsgType><![CDATA[text]]></MsgType>
<Content><![CDATA[aa]]></Content>
<MsgId>6496619501460918083</MsgId>
</xml><xml><ToUserName><![CDATA[gh_f91894e6efcb]]></ToUserName>
<FromUserName><![CDATA[oPs5ouNL-PMrIF5Xjiw7l1fq5r2E]]></FromUserName>
<CreateTime>1512612101</CreateTime>
<MsgType><![CDATA[text]]></MsgType>
<Content><![CDATA[老师，我爱你]]></Content>
<MsgId>6496619505755885384</MsgId>
</xml><xml><ToUserName><![CDATA[gh_f91894e6efcb]]></ToUserName>
<FromUserName><![CDATA[oPs5ouMEk9AZ6Oj1rWUX8sj0DJUs]]></FromUserName>
<CreateTime>1512612112</CreateTime>
<MsgType><![CDATA[text]]></MsgType>
<Content><![CDATA[我不爱你]]></Content>
<MsgId>6496619553000525668</MsgId>
</xml><xml><ToUserName><![CDATA[gh_f91894e6efcb]]></ToUserName>
<FromUserName><![CDATA[oPs5ouNZpAdJqDSkaaY9cc_TUs5c]]></FromUserName>
<CreateTime>1512612115</CreateTime>
<MsgType><![CDATA[text]]></MsgType>
<Content><![CDATA[/::)]]></Content>
<MsgId>6496619565885427561</MsgId>
</xml><xml><ToUserName><![CDATA[gh_f91894e6efcb]]></ToUserName>
<FromUserName><![CDATA[oPs5ouPinatFnQK3tjpjhqC-pyms]]></FromUserName>
<CreateTime>1512612123</CreateTime>
<MsgType><![CDATA[text]]></MsgType>
<Content><![CDATA[？？？]]></Content>
<MsgId>6496619600245165931</MsgId>
</xml><xml><ToUserName><![CDATA[gh_f91894e6efcb]]></ToUserName>
<FromUserName><![CDATA[oPs5ouPinatFnQK3tjpjhqC-pyms]]></FromUserName>
<CreateTime>1512612135</CreateTime>
<MsgType><![CDATA[text]]></MsgType>
<Content><![CDATA[李春阳]]></Content>
<MsgId>6496619651784773498</MsgId>
</xml>/::)

厉害了

嗨

hello

/::)

可以

/:8-)

加官网

/::)/::)/::)/::)/::)/::)

李春阳

还好

我爱你，爱着你就想老鼠大米

/:sun

halo

李春阳玩手机

我要表白庄子轩/:rose

【收到不支持的消息类型，暂无法显示】

/:,@!



就来了

就来了

考虑

额

和

额

和



结婚登记实话实说哈吧抱着你睡保护自己僵尸尖叫自己在家你在哪九转金身决狙击南宋嫁鸡随鸡女神姐姐点解点解你说几点聚划算计算机技术就睡吧那就社会实践活动就是觉得锦江大酒店假的假的接电话你手机假的假的还不到好的吧待会吧都不饿不好*石v电话不接电话宝贝我不后悔并不会把单号货不对板还不准备宝贝真棒肌红蛋白打扮打扮吧就是棒棒哒八点半到近身保镖

结婚登记实话实说哈吧抱着你睡保护自己僵尸尖叫自己在家你在哪九转金身决狙击南宋嫁鸡随鸡女神姐姐点解点解你说几点聚划算计算机技术就睡吧那就社会实践活动就是觉得锦江大酒店假的假的接电话你手机假的假的还不到好的吧待会吧都不饿不好*石v电话不接电话宝贝我不后悔并不会把单号货不对板还不准备宝贝真棒肌红蛋白打扮打扮吧就是棒棒哒八点半到近身保镖结婚登记实话实说哈吧抱着你睡保护自己僵尸尖叫自己在家你在哪九转金身决狙击南宋嫁鸡随鸡女神姐姐点解点解你说几点聚划算计算机技术就睡吧那就社会实践活动就是觉得锦江大酒店假的假的接电话你手机假的假的还不到好的吧待会吧都不饿不好*石v电话不接电话宝贝我不后悔并不会把单号货不对板还不准备宝贝真棒肌红蛋白打扮打扮吧就是棒棒结婚登记实话实说哈吧抱着你睡保护自己僵尸尖叫自己在家你在哪九转金身决狙击南宋嫁鸡随鸡女神姐姐点解点解你说几点聚划算计算机技术就睡吧那就社会实践活动就是觉得锦江大酒店假的假的接电话你手机假的假的还不到好的吧待会吧都不饿不好*石v电话不接电话宝贝我不后悔并不会把单号货不对板还不准备宝贝真棒肌红蛋白打扮打扮吧就是棒棒哒八点半到近身保镖哒八点半到近身保镖结婚登记实话实说哈吧抱着你睡保护自己僵尸尖叫自己在家你在哪九转金身决狙击南宋嫁鸡随鸡女神姐姐点解点解你说几点聚划算计算机技术就睡吧那就社会实践活动就是觉得锦江大酒店假的假的接电话你手机假的假的还不到好的吧待会吧都不饿不好*石v电话不接电话宝贝我不后悔并不会把单号货不对板还不准备宝贝真棒肌红蛋白打扮打扮吧就是棒棒哒八点半到近身保镖

…

(ভ_ ভ) ރ

/::)

哈哈

/:sun

post数据为空8


1

嗨

a

post数据为空8


a

2

哈哈

W

…

九十九



q

<xml>
 <ToUserName><![CDATA[oPs5ouLW3qg7P6CLj-jS7M1XVtSw]]></ToUserName>
 <FromUserName><![CDATA[gh_f91894e6efcb]]></FromUserName>
 <CreateTime>1512615523</CreateTime>
 <MsgType><![CDATA[text]]></MsgType>
 <Content><![CDATA[hi 你想干嘛？]]></Content>
 <MsgId>1234567890123456</MsgId>
 </xml>

/::)/::)

<xml>
 <ToUserName><![CDATA[oPs5ouNZpAdJqDSkaaY9cc_TUs5c]]></ToUserName>
 <FromUserName><![CDATA[gh_f91894e6efcb]]></FromUserName>
 <CreateTime>1512615700</CreateTime>
 <MsgType><![CDATA[text]]></MsgType>
 <Content><![CDATA[hi 你想干嘛？]]></Content>
 <MsgId>1234567890123456</MsgId>
 </xml>

Hi

<xml>
 <ToUserName><![CDATA[oPs5ouBE-oCZM_fpbeVAWVRb2ZZo]]></ToUserName>
 <FromUserName><![CDATA[gh_f91894e6efcb]]></FromUserName>
 <CreateTime>1512616727</CreateTime>
 <MsgType><![CDATA[text]]></MsgType>
 <Content><![CDATA[hi 你想干嘛？]]></Content>
 <MsgId>1234567890123456</MsgId>
 </xml>

是

<xml>
 <ToUserName><![CDATA[oPs5ouLW3qg7P6CLj-jS7M1XVtSw]]></ToUserName>
 <FromUserName><![CDATA[gh_f91894e6efcb]]></FromUserName>
 <CreateTime>1512617078</CreateTime>
 <MsgType><![CDATA[text]]></MsgType>
 <Content><![CDATA[hi 你想干嘛？]]></Content>
 <MsgId>1234567890123456</MsgId>
 </xml>

<xml>
<ToUserName><![CDATA[oPs5ouLW3qg7P6CLj-jS7M1XVtSw]]></ToUserName>
<FromUserName><![CDATA[gh_f91894e6efcb]]></FromUserName>
<CreateTime>1512617078</CreateTime>
<MsgType><![CDATA[news]]></MsgType><ArticleCount>4</ArticleCount><Articles><item><Title><![CDATA[h]]></Title><Description><![CDATA[h]]></Description><PicUrl><![CDATA[h]]></PicUrl><Url><![CDATA[h]]></Url></item><item><Title><![CDATA[h]]></Title><Description><![CDATA[h]]></Description><PicUrl><![CDATA[h]]></PicUrl><Url><![CDATA[h]]></Url></item><item><Title><![CDATA[h]]></Title><Description><![CDATA[h]]></Description><PicUrl><![CDATA[h]]></PicUrl><Url><![CDATA[h]]></Url></item><item><Title><![CDATA[h]]></Title><Description><![CDATA[h]]></Description><PicUrl><![CDATA[h]]></PicUrl><Url><![CDATA[h]]></Url></item></Articles></xml>

A

<xml>
 <ToUserName><![CDATA[oPs5ouBE-oCZM_fpbeVAWVRb2ZZo]]></ToUserName>
 <FromUserName><![CDATA[gh_f91894e6efcb]]></FromUserName>
 <CreateTime>1512617082</CreateTime>
 <MsgType><![CDATA[text]]></MsgType>
 <Content><![CDATA[hi 你想干嘛？]]></Content>
 <MsgId>1234567890123456</MsgId>
 </xml>

<xml>
<ToUserName><![CDATA[oPs5ouBE-oCZM_fpbeVAWVRb2ZZo]]></ToUserName>
<FromUserName><![CDATA[gh_f91894e6efcb]]></FromUserName>
<CreateTime>1512617082</CreateTime>
<MsgType><![CDATA[news]]></MsgType><ArticleCount>4</ArticleCount><Articles><item><Title><![CDATA[h]]></Title><Description><![CDATA[h]]></Description><PicUrl><![CDATA[h]]></PicUrl><Url><![CDATA[h]]></Url></item><item><Title><![CDATA[h]]></Title><Description><![CDATA[h]]></Description><PicUrl><![CDATA[h]]></PicUrl><Url><![CDATA[h]]></Url></item><item><Title><![CDATA[h]]></Title><Description><![CDATA[h]]></Description><PicUrl><![CDATA[h]]></PicUrl><Url><![CDATA[h]]></Url></item><item><Title><![CDATA[h]]></Title><Description><![CDATA[h]]></Description><PicUrl><![CDATA[h]]></PicUrl><Url><![CDATA[h]]></Url></item></Articles></xml>

Q

<xml>
<ToUserName><![CDATA[oPs5ouLW3qg7P6CLj-jS7M1XVtSw]]></ToUserName>
<FromUserName><![CDATA[gh_f91894e6efcb]]></FromUserName>
<CreateTime>1512617091</CreateTime>
<MsgType><![CDATA[news]]></MsgType><ArticleCount>4</ArticleCount><Articles><item><Title><![CDATA[h]]></Title><Description><![CDATA[h]]></Description><PicUrl><![CDATA[h]]></PicUrl><Url><![CDATA[h]]></Url></item><item><Title><![CDATA[h]]></Title><Description><![CDATA[h]]></Description><PicUrl><![CDATA[h]]></PicUrl><Url><![CDATA[h]]></Url></item><item><Title><![CDATA[h]]></Title><Description><![CDATA[h]]></Description><PicUrl><![CDATA[h]]></PicUrl><Url><![CDATA[h]]></Url></item><item><Title><![CDATA[h]]></Title><Description><![CDATA[h]]></Description><PicUrl><![CDATA[h]]></PicUrl><Url><![CDATA[h]]></Url></item></Articles></xml>

Q

<xml>
<ToUserName><![CDATA[oPs5ouBE-oCZM_fpbeVAWVRb2ZZo]]></ToUserName>
<FromUserName><![CDATA[gh_f91894e6efcb]]></FromUserName>
<CreateTime>1512617094</CreateTime>
<MsgType><![CDATA[news]]></MsgType><ArticleCount>4</ArticleCount><Articles><item><Title><![CDATA[h]]></Title><Description><![CDATA[h]]></Description><PicUrl><![CDATA[h]]></PicUrl><Url><![CDATA[h]]></Url></item><item><Title><![CDATA[h]]></Title><Description><![CDATA[h]]></Description><PicUrl><![CDATA[h]]></PicUrl><Url><![CDATA[h]]></Url></item><item><Title><![CDATA[h]]></Title><Description><![CDATA[h]]></Description><PicUrl><![CDATA[h]]></PicUrl><Url><![CDATA[h]]></Url></item><item><Title><![CDATA[h]]></Title><Description><![CDATA[h]]></Description><PicUrl><![CDATA[h]]></PicUrl><Url><![CDATA[h]]></Url></item></Articles></xml>

1

<xml>
<ToUserName><![CDATA[oPs5ouLW3qg7P6CLj-jS7M1XVtSw]]></ToUserName>
<FromUserName><![CDATA[gh_f91894e6efcb]]></FromUserName>
<CreateTime>1512617097</CreateTime>
<MsgType><![CDATA[news]]></MsgType><ArticleCount>4</ArticleCount><Articles><item><Title><![CDATA[h]]></Title><Description><![CDATA[h]]></Description><PicUrl><![CDATA[h]]></PicUrl><Url><![CDATA[h]]></Url></item><item><Title><![CDATA[h]]></Title><Description><![CDATA[h]]></Description><PicUrl><![CDATA[h]]></PicUrl><Url><![CDATA[h]]></Url></item><item><Title><![CDATA[h]]></Title><Description><![CDATA[h]]></Description><PicUrl><![CDATA[h]]></PicUrl><Url><![CDATA[h]]></Url></item><item><Title><![CDATA[h]]></Title><Description><![CDATA[h]]></Description><PicUrl><![CDATA[h]]></PicUrl><Url><![CDATA[h]]></Url></item></Articles></xml>



1

<xml>
<ToUserName><![CDATA[oPs5ouBE-oCZM_fpbeVAWVRb2ZZo]]></ToUserName>
<FromUserName><![CDATA[gh_f91894e6efcb]]></FromUserName>
<CreateTime>1512617117</CreateTime>
<MsgType><![CDATA[news]]></MsgType><ArticleCount>4</ArticleCount><Articles><item><Title><![CDATA[h]]></Title><Description><![CDATA[h]]></Description><PicUrl><![CDATA[h]]></PicUrl><Url><![CDATA[h]]></Url></item><item><Title><![CDATA[h]]></Title><Description><![CDATA[h]]></Description><PicUrl><![CDATA[h]]></PicUrl><Url><![CDATA[h]]></Url></item><item><Title><![CDATA[h]]></Title><Description><![CDATA[h]]></Description><PicUrl><![CDATA[h]]></PicUrl><Url><![CDATA[h]]></Url></item><item><Title><![CDATA[h]]></Title><Description><![CDATA[h]]></Description><PicUrl><![CDATA[h]]></PicUrl><Url><![CDATA[h]]></Url></item></Articles></xml>

a

<xml>
<ToUserName><![CDATA[oPs5ouJQPOetteHr1id7HrmkWhBA]]></ToUserName>
<FromUserName><![CDATA[gh_f91894e6efcb]]></FromUserName>
<CreateTime>1512617127</CreateTime>
<MsgType><![CDATA[news]]></MsgType><ArticleCount>4</ArticleCount><Articles><item><Title><![CDATA[h]]></Title><Description><![CDATA[h]]></Description><PicUrl><![CDATA[h]]></PicUrl><Url><![CDATA[h]]></Url></item><item><Title><![CDATA[h]]></Title><Description><![CDATA[h]]></Description><PicUrl><![CDATA[h]]></PicUrl><Url><![CDATA[h]]></Url></item><item><Title><![CDATA[h]]></Title><Description><![CDATA[h]]></Description><PicUrl><![CDATA[h]]></PicUrl><Url><![CDATA[h]]></Url></item><item><Title><![CDATA[h]]></Title><Description><![CDATA[h]]></Description><PicUrl><![CDATA[h]]></PicUrl><Url><![CDATA[h]]></Url></item></Articles></xml>

d

<xml>
<ToUserName><![CDATA[oPs5ouNZpAdJqDSkaaY9cc_TUs5c]]></ToUserName>
<FromUserName><![CDATA[gh_f91894e6efcb]]></FromUserName>
<CreateTime>1512617142</CreateTime>
<MsgType><![CDATA[news]]></MsgType><ArticleCount>4</ArticleCount><Articles><item><Title><![CDATA[h]]></Title><Description><![CDATA[h]]></Description><PicUrl><![CDATA[h]]></PicUrl><Url><![CDATA[h]]></Url></item><item><Title><![CDATA[h]]></Title><Description><![CDATA[h]]></Description><PicUrl><![CDATA[h]]></PicUrl><Url><![CDATA[h]]></Url></item><item><Title><![CDATA[h]]></Title><Description><![CDATA[h]]></Description><PicUrl><![CDATA[h]]></PicUrl><Url><![CDATA[h]]></Url></item><item><Title><![CDATA[h]]></Title><Description><![CDATA[h]]></Description><PicUrl><![CDATA[h]]></PicUrl><Url><![CDATA[h]]></Url></item></Articles></xml>

Q

<xml>
<ToUserName><![CDATA[oPs5ouLW3qg7P6CLj-jS7M1XVtSw]]></ToUserName>
<FromUserName><![CDATA[gh_f91894e6efcb]]></FromUserName>
<CreateTime>1512617168</CreateTime>
<MsgType><![CDATA[news]]></MsgType><ArticleCount>1</ArticleCount><Articles><item><Title><![CDATA[hi this article]]></Title><Description><![CDATA[hi 安琪拉！！！]]></Description><PicUrl><![CDATA[https://timgsa.baidu.com/timg?image&quality=80&size=b9999_10000&sec=1513221767&di=112afbccd30f26c20392a7dfff06926a&imgtype=jpg&er=1&src=http%3A%2F%2Fqtimg.bdstatic.com%2Fhiapk%2Fgame%2F201707%2F04%2F595af6d2285d9.jpg]]></PicUrl><Url><![CDATA[http://stark.wang]]></Url></item></Articles></xml>

x

<xml>
<ToUserName><![CDATA[oPs5ouNZpAdJqDSkaaY9cc_TUs5c]]></ToUserName>
<FromUserName><![CDATA[gh_f91894e6efcb]]></FromUserName>
<CreateTime>1512617173</CreateTime>
<MsgType><![CDATA[news]]></MsgType><ArticleCount>1</ArticleCount><Articles><item><Title><![CDATA[hi this article]]></Title><Description><![CDATA[hi 安琪拉！！！]]></Description><PicUrl><![CDATA[https://timgsa.baidu.com/timg?image&quality=80&size=b9999_10000&sec=1513221767&di=112afbccd30f26c20392a7dfff06926a&imgtype=jpg&er=1&src=http%3A%2F%2Fqtimg.bdstatic.com%2Fhiapk%2Fgame%2F201707%2F04%2F595af6d2285d9.jpg]]></PicUrl><Url><![CDATA[http://stark.wang]]></Url></item></Articles></xml>

发

<xml>
<ToUserName><![CDATA[oPs5ouJQPOetteHr1id7HrmkWhBA]]></ToUserName>
<FromUserName><![CDATA[gh_f91894e6efcb]]></FromUserName>
<CreateTime>1512617175</CreateTime>
<MsgType><![CDATA[news]]></MsgType><ArticleCount>1</ArticleCount><Articles><item><Title><![CDATA[hi this article]]></Title><Description><![CDATA[hi 安琪拉！！！]]></Description><PicUrl><![CDATA[https://timgsa.baidu.com/timg?image&quality=80&size=b9999_10000&sec=1513221767&di=112afbccd30f26c20392a7dfff06926a&imgtype=jpg&er=1&src=http%3A%2F%2Fqtimg.bdstatic.com%2Fhiapk%2Fgame%2F201707%2F04%2F595af6d2285d9.jpg]]></PicUrl><Url><![CDATA[http://stark.wang]]></Url></item></Articles></xml>

Q

<xml>
<ToUserName><![CDATA[oPs5ouBE-oCZM_fpbeVAWVRb2ZZo]]></ToUserName>
<FromUserName><![CDATA[gh_f91894e6efcb]]></FromUserName>
<CreateTime>1512617199</CreateTime>
<MsgType><![CDATA[news]]></MsgType><ArticleCount>1</ArticleCount><Articles><item><Title><![CDATA[hi this article]]></Title><Description><![CDATA[hi 安琪拉！！！]]></Description><PicUrl><![CDATA[https://timgsa.baidu.com/timg?image&quality=80&size=b9999_10000&sec=1513221767&di=112afbccd30f26c20392a7dfff06926a&imgtype=jpg&er=1&src=http%3A%2F%2Fqtimg.bdstatic.com%2Fhiapk%2Fgame%2F201707%2F04%2F595af6d2285d9.jpg]]></PicUrl><Url><![CDATA[http://stark.wang]]></Url></item></Articles></xml>

a

<xml>
<ToUserName><![CDATA[oPs5ouJo9l4yBJCWcWvbyIKQEFFc]]></ToUserName>
<FromUserName><![CDATA[gh_f91894e6efcb]]></FromUserName>
<CreateTime>1512617213</CreateTime>
<MsgType><![CDATA[news]]></MsgType><ArticleCount>1</ArticleCount><Articles><item><Title><![CDATA[hi this article]]></Title><Description><![CDATA[hi 安琪拉！！！]]></Description><PicUrl><![CDATA[https://timgsa.baidu.com/timg?image&quality=80&size=b9999_10000&sec=1513221767&di=112afbccd30f26c20392a7dfff06926a&imgtype=jpg&er=1&src=http%3A%2F%2Fqtimg.bdstatic.com%2Fhiapk%2Fgame%2F201707%2F04%2F595af6d2285d9.jpg]]></PicUrl><Url><![CDATA[http://stark.wang]]></Url></item></Articles></xml>

…

<xml>
<ToUserName><![CDATA[oPs5ouE8oPGbTyMHgEt1OkvSzG4g]]></ToUserName>
<FromUserName><![CDATA[gh_f91894e6efcb]]></FromUserName>
<CreateTime>1512617223</CreateTime>
<MsgType><![CDATA[news]]></MsgType><ArticleCount>1</ArticleCount><Articles><item><Title><![CDATA[hi this article]]></Title><Description><![CDATA[hi 安琪拉！！！]]></Description><PicUrl><![CDATA[https://timgsa.baidu.com/timg?image&quality=80&size=b9999_10000&sec=1513221767&di=112afbccd30f26c20392a7dfff06926a&imgtype=jpg&er=1&src=http%3A%2F%2Fqtimg.bdstatic.com%2Fhiapk%2Fgame%2F201707%2F04%2F595af6d2285d9.jpg]]></PicUrl><Url><![CDATA[http://stark.wang]]></Url></item></Articles></xml>



s

<xml>
<ToUserName><![CDATA[oPs5ouNZpAdJqDSkaaY9cc_TUs5c]]></ToUserName>
<FromUserName><![CDATA[gh_f91894e6efcb]]></FromUserName>
<CreateTime>1512617242</CreateTime>
<MsgType><![CDATA[news]]></MsgType><ArticleCount>1</ArticleCount><Articles><item><Title><![CDATA[hi this article]]></Title><Description><![CDATA[hi 安琪拉！！！]]></Description><PicUrl><![CDATA[https://timgsa.baidu.com/timg?image&quality=80&size=b9999_10000&sec=1513221767&di=112afbccd30f26c20392a7dfff06926a&imgtype=jpg&er=1&src=http%3A%2F%2Fqtimg.bdstatic.com%2Fhiapk%2Fgame%2F201707%2F04%2F595af6d2285d9.jpg]]></PicUrl><Url><![CDATA[http://stark.wang]]></Url></item></Articles></xml>



为什么我的不出来

<xml>
<ToUserName><![CDATA[oPs5ouJTWYNaP0MEqazXxbSaPzNM]]></ToUserName>
<FromUserName><![CDATA[gh_f91894e6efcb]]></FromUserName>
<CreateTime>1512617303</CreateTime>
<MsgType><![CDATA[news]]></MsgType><ArticleCount>1</ArticleCount><Articles><item><Title><![CDATA[hi this article]]></Title><Description><![CDATA[hi 安琪拉！！！]]></Description><PicUrl><![CDATA[https://timgsa.baidu.com/timg?image&quality=80&size=b9999_10000&sec=1513221767&di=112afbccd30f26c20392a7dfff06926a&imgtype=jpg&er=1&src=http%3A%2F%2Fqtimg.bdstatic.com%2Fhiapk%2Fgame%2F201707%2F04%2F595af6d2285d9.jpg]]></PicUrl><Url><![CDATA[http://stark.wang]]></Url></item></Articles></xml>

s

<xml>
<ToUserName><![CDATA[oPs5ouNZpAdJqDSkaaY9cc_TUs5c]]></ToUserName>
<FromUserName><![CDATA[gh_f91894e6efcb]]></FromUserName>
<CreateTime>1512617379</CreateTime>
<MsgType><![CDATA[news]]></MsgType><ArticleCount>2</ArticleCount><Articles><item><Title><![CDATA[hi this article]]></Title><Description><![CDATA[hi 安琪拉！！！]]></Description><PicUrl><![CDATA[https://timgsa.baidu.com/timg?image&quality=80&size=b9999_10000&sec=1513221767&di=112afbccd30f26c20392a7dfff06926a&imgtype=jpg&er=1&src=http%3A%2F%2Fqtimg.bdstatic.com%2Fhiapk%2Fgame%2F201707%2F04%2F595af6d2285d9.jpg]]></PicUrl><Url><![CDATA[http://stark.wang]]></Url></item><item><Title><![CDATA[李白，今朝有酒今朝醉]]></Title><Description><![CDATA[hi 安琪拉！！！]]></Description><PicUrl><![CDATA[https://timgsa.baidu.com/timg?image&quality=80&size=b9999_10000&sec=1512627415601&di=a48be9abc9661620472cf49c9388f221&imgtype=0&src=http%3A%2F%2Fi1.17173cdn.com%2F2fhnvk%2FYWxqaGBf%2Fcms3%2FXivJLTbldqzvDcv.jpg]]></PicUrl><Url><![CDATA[http://stark.wang]]></Url></item></Articles></xml>

w

<xml>
<ToUserName><![CDATA[oPs5ouNZpAdJqDSkaaY9cc_TUs5c]]></ToUserName>
<FromUserName><![CDATA[gh_f91894e6efcb]]></FromUserName>
<CreateTime>1512617388</CreateTime>
<MsgType><![CDATA[news]]></MsgType><ArticleCount>2</ArticleCount><Articles><item><Title><![CDATA[hi this article]]></Title><Description><![CDATA[hi 安琪拉！！！]]></Description><PicUrl><![CDATA[https://timgsa.baidu.com/timg?image&quality=80&size=b9999_10000&sec=1513221767&di=112afbccd30f26c20392a7dfff06926a&imgtype=jpg&er=1&src=http%3A%2F%2Fqtimg.bdstatic.com%2Fhiapk%2Fgame%2F201707%2F04%2F595af6d2285d9.jpg]]></PicUrl><Url><![CDATA[http://stark.wang]]></Url></item><item><Title><![CDATA[李白，今朝有酒今朝醉]]></Title><Description><![CDATA[今朝有酒今朝醉，李白就是一个诗人]]></Description><PicUrl><![CDATA[https://timgsa.baidu.com/timg?image&quality=80&size=b9999_10000&sec=1512627415601&di=a48be9abc9661620472cf49c9388f221&imgtype=0&src=http%3A%2F%2Fi1.17173cdn.com%2F2fhnvk%2FYWxqaGBf%2Fcms3%2FXivJLTbldqzvDcv.jpg]]></PicUrl><Url><![CDATA[http://stark.wang]]></Url></item></Articles></xml>

di

<xml>
<ToUserName><![CDATA[oPs5ouNZpAdJqDSkaaY9cc_TUs5c]]></ToUserName>
<FromUserName><![CDATA[gh_f91894e6efcb]]></FromUserName>
<CreateTime>1512617462</CreateTime>
<MsgType><![CDATA[news]]></MsgType><ArticleCount>3</ArticleCount><Articles><item><Title><![CDATA[安琪拉]]></Title><Description><![CDATA[hi 安琪拉！！！]]></Description><PicUrl><![CDATA[https://timgsa.baidu.com/timg?image&quality=80&size=b9999_10000&sec=1513221767&di=112afbccd30f26c20392a7dfff06926a&imgtype=jpg&er=1&src=http%3A%2F%2Fqtimg.bdstatic.com%2Fhiapk%2Fgame%2F201707%2F04%2F595af6d2285d9.jpg]]></PicUrl><Url><![CDATA[http://stark.wang]]></Url></item><item><Title><![CDATA[李白，今朝有酒今朝醉]]></Title><Description><![CDATA[今朝有酒今朝醉，李白就是一个诗人]]></Description><PicUrl><![CDATA[https://timgsa.baidu.com/timg?image&quality=80&size=b9999_10000&sec=1512627415601&di=a48be9abc9661620472cf49c9388f221&imgtype=0&src=http%3A%2F%2Fi1.17173cdn.com%2F2fhnvk%2FYWxqaGBf%2Fcms3%2FXivJLTbldqzvDcv.jpg]]></PicUrl><Url><![CDATA[http://stark.wang]]></Url></item><item><Title><![CDATA[钟馗]]></Title><Description><![CDATA[哈哈哈哈哈哈哈哈哈哈哈哈哈哈哈哈哈]]></Description><PicUrl><![CDATA[https://timgsa.baidu.com/timg?image&quality=80&size=b9999_10000&sec=1513222223&di=40ac217b31655f2dee782c8be7c67aa4&imgtype=jpg&er=1&src=http%3A%2F%2Fzhidao.3533.com%2Fuploads%2Fanswer%2F20160324%2F34c6cc35fe42f302e4c96b9984f55c5e.jpg]]></PicUrl><Url><![CDATA[http://stark.wang]]></Url></item></Articles></xml>

a

<xml>
<ToUserName><![CDATA[oPs5ouJo9l4yBJCWcWvbyIKQEFFc]]></ToUserName>
<FromUserName><![CDATA[gh_f91894e6efcb]]></FromUserName>
<CreateTime>1512617465</CreateTime>
<MsgType><![CDATA[news]]></MsgType><ArticleCount>3</ArticleCount><Articles><item><Title><![CDATA[安琪拉]]></Title><Description><![CDATA[hi 安琪拉！！！]]></Description><PicUrl><![CDATA[https://timgsa.baidu.com/timg?image&quality=80&size=b9999_10000&sec=1513221767&di=112afbccd30f26c20392a7dfff06926a&imgtype=jpg&er=1&src=http%3A%2F%2Fqtimg.bdstatic.com%2Fhiapk%2Fgame%2F201707%2F04%2F595af6d2285d9.jpg]]></PicUrl><Url><![CDATA[http://stark.wang]]></Url></item><item><Title><![CDATA[李白，今朝有酒今朝醉]]></Title><Description><![CDATA[今朝有酒今朝醉，李白就是一个诗人]]></Description><PicUrl><![CDATA[https://timgsa.baidu.com/timg?image&quality=80&size=b9999_10000&sec=1512627415601&di=a48be9abc9661620472cf49c9388f221&imgtype=0&src=http%3A%2F%2Fi1.17173cdn.com%2F2fhnvk%2FYWxqaGBf%2Fcms3%2FXivJLTbldqzvDcv.jpg]]></PicUrl><Url><![CDATA[http://stark.wang]]></Url></item><item><Title><![CDATA[钟馗]]></Title><Description><![CDATA[哈哈哈哈哈哈哈哈哈哈哈哈哈哈哈哈哈]]></Description><PicUrl><![CDATA[https://timgsa.baidu.com/timg?image&quality=80&size=b9999_10000&sec=1513222223&di=40ac217b31655f2dee782c8be7c67aa4&imgtype=jpg&er=1&src=http%3A%2F%2Fzhidao.3533.com%2Fuploads%2Fanswer%2F20160324%2F34c6cc35fe42f302e4c96b9984f55c5e.jpg]]></PicUrl><Url><![CDATA[http://stark.wang]]></Url></item></Articles></xml>

你好

<xml>
<ToUserName><![CDATA[oPs5ouLW3qg7P6CLj-jS7M1XVtSw]]></ToUserName>
<FromUserName><![CDATA[gh_f91894e6efcb]]></FromUserName>
<CreateTime>1512617466</CreateTime>
<MsgType><![CDATA[news]]></MsgType><ArticleCount>3</ArticleCount><Articles><item><Title><![CDATA[安琪拉]]></Title><Description><![CDATA[hi 安琪拉！！！]]></Description><PicUrl><![CDATA[https://timgsa.baidu.com/timg?image&quality=80&size=b9999_10000&sec=1513221767&di=112afbccd30f26c20392a7dfff06926a&imgtype=jpg&er=1&src=http%3A%2F%2Fqtimg.bdstatic.com%2Fhiapk%2Fgame%2F201707%2F04%2F595af6d2285d9.jpg]]></PicUrl><Url><![CDATA[http://stark.wang]]></Url></item><item><Title><![CDATA[李白，今朝有酒今朝醉]]></Title><Description><![CDATA[今朝有酒今朝醉，李白就是一个诗人]]></Description><PicUrl><![CDATA[https://timgsa.baidu.com/timg?image&quality=80&size=b9999_10000&sec=1512627415601&di=a48be9abc9661620472cf49c9388f221&imgtype=0&src=http%3A%2F%2Fi1.17173cdn.com%2F2fhnvk%2FYWxqaGBf%2Fcms3%2FXivJLTbldqzvDcv.jpg]]></PicUrl><Url><![CDATA[http://stark.wang]]></Url></item><item><Title><![CDATA[钟馗]]></Title><Description><![CDATA[哈哈哈哈哈哈哈哈哈哈哈哈哈哈哈哈哈]]></Description><PicUrl><![CDATA[https://timgsa.baidu.com/timg?image&quality=80&size=b9999_10000&sec=1513222223&di=40ac217b31655f2dee782c8be7c67aa4&imgtype=jpg&er=1&src=http%3A%2F%2Fzhidao.3533.com%2Fuploads%2Fanswer%2F20160324%2F34c6cc35fe42f302e4c96b9984f55c5e.jpg]]></PicUrl><Url><![CDATA[http://stark.wang]]></Url></item></Articles></xml>

Q

<xml>
<ToUserName><![CDATA[oPs5ouBE-oCZM_fpbeVAWVRb2ZZo]]></ToUserName>
<FromUserName><![CDATA[gh_f91894e6efcb]]></FromUserName>
<CreateTime>1512617475</CreateTime>
<MsgType><![CDATA[news]]></MsgType><ArticleCount>3</ArticleCount><Articles><item><Title><![CDATA[安琪拉]]></Title><Description><![CDATA[hi 安琪拉！！！]]></Description><PicUrl><![CDATA[https://timgsa.baidu.com/timg?image&quality=80&size=b9999_10000&sec=1513221767&di=112afbccd30f26c20392a7dfff06926a&imgtype=jpg&er=1&src=http%3A%2F%2Fqtimg.bdstatic.com%2Fhiapk%2Fgame%2F201707%2F04%2F595af6d2285d9.jpg]]></PicUrl><Url><![CDATA[http://stark.wang]]></Url></item><item><Title><![CDATA[李白，今朝有酒今朝醉]]></Title><Description><![CDATA[今朝有酒今朝醉，李白就是一个诗人]]></Description><PicUrl><![CDATA[https://timgsa.baidu.com/timg?image&quality=80&size=b9999_10000&sec=1512627415601&di=a48be9abc9661620472cf49c9388f221&imgtype=0&src=http%3A%2F%2Fi1.17173cdn.com%2F2fhnvk%2FYWxqaGBf%2Fcms3%2FXivJLTbldqzvDcv.jpg]]></PicUrl><Url><![CDATA[http://stark.wang]]></Url></item><item><Title><![CDATA[钟馗]]></Title><Description><![CDATA[哈哈哈哈哈哈哈哈哈哈哈哈哈哈哈哈哈]]></Description><PicUrl><![CDATA[https://timgsa.baidu.com/timg?image&quality=80&size=b9999_10000&sec=1513222223&di=40ac217b31655f2dee782c8be7c67aa4&imgtype=jpg&er=1&src=http%3A%2F%2Fzhidao.3533.com%2Fuploads%2Fanswer%2F20160324%2F34c6cc35fe42f302e4c96b9984f55c5e.jpg]]></PicUrl><Url><![CDATA[http://stark.wang]]></Url></item></Articles></xml>

/:sun

<xml>
<ToUserName><![CDATA[oPs5ouAKpnM7F4kKTdYrApv5TtJA]]></ToUserName>
<FromUserName><![CDATA[gh_f91894e6efcb]]></FromUserName>
<CreateTime>1512617475</CreateTime>
<MsgType><![CDATA[news]]></MsgType><ArticleCount>3</ArticleCount><Articles><item><Title><![CDATA[安琪拉]]></Title><Description><![CDATA[hi 安琪拉！！！]]></Description><PicUrl><![CDATA[https://timgsa.baidu.com/timg?image&quality=80&size=b9999_10000&sec=1513221767&di=112afbccd30f26c20392a7dfff06926a&imgtype=jpg&er=1&src=http%3A%2F%2Fqtimg.bdstatic.com%2Fhiapk%2Fgame%2F201707%2F04%2F595af6d2285d9.jpg]]></PicUrl><Url><![CDATA[http://stark.wang]]></Url></item><item><Title><![CDATA[李白，今朝有酒今朝醉]]></Title><Description><![CDATA[今朝有酒今朝醉，李白就是一个诗人]]></Description><PicUrl><![CDATA[https://timgsa.baidu.com/timg?image&quality=80&size=b9999_10000&sec=1512627415601&di=a48be9abc9661620472cf49c9388f221&imgtype=0&src=http%3A%2F%2Fi1.17173cdn.com%2F2fhnvk%2FYWxqaGBf%2Fcms3%2FXivJLTbldqzvDcv.jpg]]></PicUrl><Url><![CDATA[http://stark.wang]]></Url></item><item><Title><![CDATA[钟馗]]></Title><Description><![CDATA[哈哈哈哈哈哈哈哈哈哈哈哈哈哈哈哈哈]]></Description><PicUrl><![CDATA[https://timgsa.baidu.com/timg?image&quality=80&size=b9999_10000&sec=1513222223&di=40ac217b31655f2dee782c8be7c67aa4&imgtype=jpg&er=1&src=http%3A%2F%2Fzhidao.3533.com%2Fuploads%2Fanswer%2F20160324%2F34c6cc35fe42f302e4c96b9984f55c5e.jpg]]></PicUrl><Url><![CDATA[http://stark.wang]]></Url></item></Articles></xml>

post数据为空8


哈哈

<xml>
<ToUserName><![CDATA[oPs5ouCvdfLgVYFP6aRLNhlO-vdQ]]></ToUserName>
<FromUserName><![CDATA[gh_f91894e6efcb]]></FromUserName>
<CreateTime>1512617491</CreateTime>
<MsgType><![CDATA[news]]></MsgType><ArticleCount>3</ArticleCount><Articles><item><Title><![CDATA[安琪拉]]></Title><Description><![CDATA[hi 安琪拉！！！]]></Description><PicUrl><![CDATA[https://timgsa.baidu.com/timg?image&quality=80&size=b9999_10000&sec=1513221767&di=112afbccd30f26c20392a7dfff06926a&imgtype=jpg&er=1&src=http%3A%2F%2Fqtimg.bdstatic.com%2Fhiapk%2Fgame%2F201707%2F04%2F595af6d2285d9.jpg]]></PicUrl><Url><![CDATA[http://stark.wang]]></Url></item><item><Title><![CDATA[李白，今朝有酒今朝醉]]></Title><Description><![CDATA[今朝有酒今朝醉，李白就是一个诗人]]></Description><PicUrl><![CDATA[https://timgsa.baidu.com/timg?image&quality=80&size=b9999_10000&sec=1512627415601&di=a48be9abc9661620472cf49c9388f221&imgtype=0&src=http%3A%2F%2Fi1.17173cdn.com%2F2fhnvk%2FYWxqaGBf%2Fcms3%2FXivJLTbldqzvDcv.jpg]]></PicUrl><Url><![CDATA[http://stark.wang]]></Url></item><item><Title><![CDATA[钟馗]]></Title><Description><![CDATA[哈哈哈哈哈哈哈哈哈哈哈哈哈哈哈哈哈]]></Description><PicUrl><![CDATA[https://timgsa.baidu.com/timg?image&quality=80&size=b9999_10000&sec=1513222223&di=40ac217b31655f2dee782c8be7c67aa4&imgtype=jpg&er=1&src=http%3A%2F%2Fzhidao.3533.com%2Fuploads%2Fanswer%2F20160324%2F34c6cc35fe42f302e4c96b9984f55c5e.jpg]]></PicUrl><Url><![CDATA[http://stark.wang]]></Url></item></Articles></xml>

哈哈

<xml>
<ToUserName><![CDATA[oPs5ouCvdfLgVYFP6aRLNhlO-vdQ]]></ToUserName>
<FromUserName><![CDATA[gh_f91894e6efcb]]></FromUserName>
<CreateTime>1512617511</CreateTime>
<MsgType><![CDATA[news]]></MsgType><ArticleCount>3</ArticleCount><Articles><item><Title><![CDATA[安琪拉]]></Title><Description><![CDATA[hi 安琪拉！！！]]></Description><PicUrl><![CDATA[https://timgsa.baidu.com/timg?image&quality=80&size=b9999_10000&sec=1513221767&di=112afbccd30f26c20392a7dfff06926a&imgtype=jpg&er=1&src=http%3A%2F%2Fqtimg.bdstatic.com%2Fhiapk%2Fgame%2F201707%2F04%2F595af6d2285d9.jpg]]></PicUrl><Url><![CDATA[http://stark.wang]]></Url></item><item><Title><![CDATA[李白，今朝有酒今朝醉]]></Title><Description><![CDATA[今朝有酒今朝醉，李白就是一个诗人]]></Description><PicUrl><![CDATA[https://timgsa.baidu.com/timg?image&quality=80&size=b9999_10000&sec=1512627415601&di=a48be9abc9661620472cf49c9388f221&imgtype=0&src=http%3A%2F%2Fi1.17173cdn.com%2F2fhnvk%2FYWxqaGBf%2Fcms3%2FXivJLTbldqzvDcv.jpg]]></PicUrl><Url><![CDATA[http://stark.wang]]></Url></item><item><Title><![CDATA[钟馗]]></Title><Description><![CDATA[哈哈哈哈哈哈哈哈哈哈哈哈哈哈哈哈哈]]></Description><PicUrl><![CDATA[https://timgsa.baidu.com/timg?image&quality=80&size=b9999_10000&sec=1513222223&di=40ac217b31655f2dee782c8be7c67aa4&imgtype=jpg&er=1&src=http%3A%2F%2Fzhidao.3533.com%2Fuploads%2Fanswer%2F20160324%2F34c6cc35fe42f302e4c96b9984f55c5e.jpg]]></PicUrl><Url><![CDATA[http://stark.wang]]></Url></item></Articles></xml>



1

<xml>
<ToUserName><![CDATA[oPs5ouCwKvpVcCgA3HF96Oxl0DjM]]></ToUserName>
<FromUserName><![CDATA[gh_f91894e6efcb]]></FromUserName>
<CreateTime>1512617555</CreateTime>
<MsgType><![CDATA[news]]></MsgType><ArticleCount>3</ArticleCount><Articles><item><Title><![CDATA[安琪拉]]></Title><Description><![CDATA[hi 安琪拉！！！]]></Description><PicUrl><![CDATA[https://timgsa.baidu.com/timg?image&quality=80&size=b9999_10000&sec=1513221767&di=112afbccd30f26c20392a7dfff06926a&imgtype=jpg&er=1&src=http%3A%2F%2Fqtimg.bdstatic.com%2Fhiapk%2Fgame%2F201707%2F04%2F595af6d2285d9.jpg]]></PicUrl><Url><![CDATA[http://stark.wang]]></Url></item><item><Title><![CDATA[李白，今朝有酒今朝醉]]></Title><Description><![CDATA[今朝有酒今朝醉，李白就是一个诗人]]></Description><PicUrl><![CDATA[https://timgsa.baidu.com/timg?image&quality=80&size=b9999_10000&sec=1512627415601&di=a48be9abc9661620472cf49c9388f221&imgtype=0&src=http%3A%2F%2Fi1.17173cdn.com%2F2fhnvk%2FYWxqaGBf%2Fcms3%2FXivJLTbldqzvDcv.jpg]]></PicUrl><Url><![CDATA[http://stark.wang]]></Url></item><item><Title><![CDATA[钟馗]]></Title><Description><![CDATA[哈哈哈哈哈哈哈哈哈哈哈哈哈哈哈哈哈]]></Description><PicUrl><![CDATA[https://timgsa.baidu.com/timg?image&quality=80&size=b9999_10000&sec=1513222223&di=40ac217b31655f2dee782c8be7c67aa4&imgtype=jpg&er=1&src=http%3A%2F%2Fzhidao.3533.com%2Fuploads%2Fanswer%2F20160324%2F34c6cc35fe42f302e4c96b9984f55c5e.jpg]]></PicUrl><Url><![CDATA[http://stark.wang]]></Url></item></Articles></xml>

hi

<xml>
<ToUserName><![CDATA[oPs5ouCvdfLgVYFP6aRLNhlO-vdQ]]></ToUserName>
<FromUserName><![CDATA[gh_f91894e6efcb]]></FromUserName>
<CreateTime>1512617577</CreateTime>
<MsgType><![CDATA[news]]></MsgType><ArticleCount>3</ArticleCount><Articles><item><Title><![CDATA[安琪拉]]></Title><Description><![CDATA[hi 安琪拉！！！]]></Description><PicUrl><![CDATA[https://timgsa.baidu.com/timg?image&quality=80&size=b9999_10000&sec=1513221767&di=112afbccd30f26c20392a7dfff06926a&imgtype=jpg&er=1&src=http%3A%2F%2Fqtimg.bdstatic.com%2Fhiapk%2Fgame%2F201707%2F04%2F595af6d2285d9.jpg]]></PicUrl><Url><![CDATA[http://stark.wang]]></Url></item><item><Title><![CDATA[李白，今朝有酒今朝醉]]></Title><Description><![CDATA[今朝有酒今朝醉，李白就是一个诗人]]></Description><PicUrl><![CDATA[https://timgsa.baidu.com/timg?image&quality=80&size=b9999_10000&sec=1512627415601&di=a48be9abc9661620472cf49c9388f221&imgtype=0&src=http%3A%2F%2Fi1.17173cdn.com%2F2fhnvk%2FYWxqaGBf%2Fcms3%2FXivJLTbldqzvDcv.jpg]]></PicUrl><Url><![CDATA[http://stark.wang]]></Url></item><item><Title><![CDATA[钟馗]]></Title><Description><![CDATA[哈哈哈哈哈哈哈哈哈哈哈哈哈哈哈哈哈]]></Description><PicUrl><![CDATA[https://timgsa.baidu.com/timg?image&quality=80&size=b9999_10000&sec=1513222223&di=40ac217b31655f2dee782c8be7c67aa4&imgtype=jpg&er=1&src=http%3A%2F%2Fzhidao.3533.com%2Fuploads%2Fanswer%2F20160324%2F34c6cc35fe42f302e4c96b9984f55c5e.jpg]]></PicUrl><Url><![CDATA[http://stark.wang]]></Url></item></Articles></xml>

你

<xml>
<ToUserName><![CDATA[oPs5ouMEk9AZ6Oj1rWUX8sj0DJUs]]></ToUserName>
<FromUserName><![CDATA[gh_f91894e6efcb]]></FromUserName>
<CreateTime>1512617634</CreateTime>
<MsgType><![CDATA[news]]></MsgType><ArticleCount>3</ArticleCount><Articles><item><Title><![CDATA[安琪拉]]></Title><Description><![CDATA[hi 安琪拉！！！]]></Description><PicUrl><![CDATA[https://timgsa.baidu.com/timg?image&quality=80&size=b9999_10000&sec=1513221767&di=112afbccd30f26c20392a7dfff06926a&imgtype=jpg&er=1&src=http%3A%2F%2Fqtimg.bdstatic.com%2Fhiapk%2Fgame%2F201707%2F04%2F595af6d2285d9.jpg]]></PicUrl><Url><![CDATA[http://stark.wang]]></Url></item><item><Title><![CDATA[李白，今朝有酒今朝醉]]></Title><Description><![CDATA[今朝有酒今朝醉，李白就是一个诗人]]></Description><PicUrl><![CDATA[https://timgsa.baidu.com/timg?image&quality=80&size=b9999_10000&sec=1512627415601&di=a48be9abc9661620472cf49c9388f221&imgtype=0&src=http%3A%2F%2Fi1.17173cdn.com%2F2fhnvk%2FYWxqaGBf%2Fcms3%2FXivJLTbldqzvDcv.jpg]]></PicUrl><Url><![CDATA[http://stark.wang]]></Url></item><item><Title><![CDATA[钟馗]]></Title><Description><![CDATA[哈哈哈哈哈哈哈哈哈哈哈哈哈哈哈哈哈]]></Description><PicUrl><![CDATA[https://timgsa.baidu.com/timg?image&quality=80&size=b9999_10000&sec=1513222223&di=40ac217b31655f2dee782c8be7c67aa4&imgtype=jpg&er=1&src=http%3A%2F%2Fzhidao.3533.com%2Fuploads%2Fanswer%2F20160324%2F34c6cc35fe42f302e4c96b9984f55c5e.jpg]]></PicUrl><Url><![CDATA[http://stark.wang]]></Url></item></Articles></xml>

我没有

<xml>
<ToUserName><![CDATA[oPs5ouJTWYNaP0MEqazXxbSaPzNM]]></ToUserName>
<FromUserName><![CDATA[gh_f91894e6efcb]]></FromUserName>
<CreateTime>1512617734</CreateTime>
<MsgType><![CDATA[news]]></MsgType><ArticleCount>3</ArticleCount><Articles><item><Title><![CDATA[安琪拉]]></Title><Description><![CDATA[hi 安琪拉！！！]]></Description><PicUrl><![CDATA[https://timgsa.baidu.com/timg?image&quality=80&size=b9999_10000&sec=1513221767&di=112afbccd30f26c20392a7dfff06926a&imgtype=jpg&er=1&src=http%3A%2F%2Fqtimg.bdstatic.com%2Fhiapk%2Fgame%2F201707%2F04%2F595af6d2285d9.jpg]]></PicUrl><Url><![CDATA[http://stark.wang]]></Url></item><item><Title><![CDATA[李白，今朝有酒今朝醉]]></Title><Description><![CDATA[今朝有酒今朝醉，李白就是一个诗人]]></Description><PicUrl><![CDATA[https://timgsa.baidu.com/timg?image&quality=80&size=b9999_10000&sec=1512627415601&di=a48be9abc9661620472cf49c9388f221&imgtype=0&src=http%3A%2F%2Fi1.17173cdn.com%2F2fhnvk%2FYWxqaGBf%2Fcms3%2FXivJLTbldqzvDcv.jpg]]></PicUrl><Url><![CDATA[http://stark.wang]]></Url></item><item><Title><![CDATA[钟馗]]></Title><Description><![CDATA[哈哈哈哈哈哈哈哈哈哈哈哈哈哈哈哈哈]]></Description><PicUrl><![CDATA[https://timgsa.baidu.com/timg?image&quality=80&size=b9999_10000&sec=1513222223&di=40ac217b31655f2dee782c8be7c67aa4&imgtype=jpg&er=1&src=http%3A%2F%2Fzhidao.3533.com%2Fuploads%2Fanswer%2F20160324%2F34c6cc35fe42f302e4c96b9984f55c5e.jpg]]></PicUrl><Url><![CDATA[http://stark.wang]]></Url></item></Articles></xml>

知乎日报

<xml>
<ToUserName><![CDATA[oPs5ouLW3qg7P6CLj-jS7M1XVtSw]]></ToUserName>
<FromUserName><![CDATA[gh_f91894e6efcb]]></FromUserName>
<CreateTime>1512628368</CreateTime>
<MsgType><![CDATA[news]]></MsgType><ArticleCount>3</ArticleCount><Articles><item><Title><![CDATA[安琪拉]]></Title><Description><![CDATA[hi 安琪拉！！！]]></Description><PicUrl><![CDATA[https://timgsa.baidu.com/timg?image&quality=80&size=b9999_10000&sec=1513221767&di=112afbccd30f26c20392a7dfff06926a&imgtype=jpg&er=1&src=http%3A%2F%2Fqtimg.bdstatic.com%2Fhiapk%2Fgame%2F201707%2F04%2F595af6d2285d9.jpg]]></PicUrl><Url><![CDATA[http://stark.wang]]></Url></item><item><Title><![CDATA[李白，今朝有酒今朝醉]]></Title><Description><![CDATA[今朝有酒今朝醉，李白就是一个诗人]]></Description><PicUrl><![CDATA[https://timgsa.baidu.com/timg?image&quality=80&size=b9999_10000&sec=1512627415601&di=a48be9abc9661620472cf49c9388f221&imgtype=0&src=http%3A%2F%2Fi1.17173cdn.com%2F2fhnvk%2FYWxqaGBf%2Fcms3%2FXivJLTbldqzvDcv.jpg]]></PicUrl><Url><![CDATA[http://stark.wang]]></Url></item><item><Title><![CDATA[钟馗]]></Title><Description><![CDATA[哈哈哈哈哈哈哈哈哈哈哈哈哈哈哈哈哈]]></Description><PicUrl><![CDATA[https://timgsa.baidu.com/timg?image&quality=80&size=b9999_10000&sec=1513222223&di=40ac217b31655f2dee782c8be7c67aa4&imgtype=jpg&er=1&src=http%3A%2F%2Fzhidao.3533.com%2Fuploads%2Fanswer%2F20160324%2F34c6cc35fe42f302e4c96b9984f55c5e.jpg]]></PicUrl><Url><![CDATA[http://stark.wang]]></Url></item></Articles></xml>

<xml>
<ToUserName><![CDATA[oPs5ouLW3qg7P6CLj-jS7M1XVtSw]]></ToUserName>
<FromUserName><![CDATA[gh_f91894e6efcb]]></FromUserName>
<CreateTime>1512628368</CreateTime>
<MsgType><![CDATA[news]]></MsgType><ArticleCount>9</ArticleCount><Articles><item><Title><![CDATA[知道哪些法律小常识，可以在职场中保护自己？]]></Title><Description><![CDATA[知道哪些法律小常识，可以在职场中保护自己？]]></Description><PicUrl><![CDATA[https://pic4.zhimg.com/v2-55447e90bd6daecf56352030ea93efdb.jpg]]></PicUrl><Url><![CDATA[http://stark.wang]]></Url></item><item><Title><![CDATA[大误 · 假如当年牛顿是坐在西瓜树下……]]></Title><Description><![CDATA[大误 · 假如当年牛顿是坐在西瓜树下……]]></Description><PicUrl><![CDATA[https://pic3.zhimg.com/v2-1af2bc53a9f129670406ae57cd75da62.jpg]]></PicUrl><Url><![CDATA[http://stark.wang]]></Url></item><item><Title><![CDATA[你平时习惯蹲坑 or 马桶？来看看谁更不卫生吧]]></Title><Description><![CDATA[你平时习惯蹲坑 or 马桶？来看看谁更不卫生吧]]></Description><PicUrl><![CDATA[https://pic3.zhimg.com/v2-ddac8d73cc78a4f0084f9f857ef1a7d2.jpg]]></PicUrl><Url><![CDATA[http://stark.wang]]></Url></item><item><Title><![CDATA[经常打小广告的「代开发票」到底是怎么牟利的？]]></Title><Description><![CDATA[经常打小广告的「代开发票」到底是怎么牟利的？]]></Description><PicUrl><![CDATA[https://pic4.zhimg.com/v2-55ec029ace9595ab60b56d7c5eed6c87.jpg]]></PicUrl><Url><![CDATA[http://stark.wang]]></Url></item><item><Title><![CDATA[总觉得和男朋友不在同一频道上，越聊越心累怎么办？]]></Title><Description><![CDATA[总觉得和男朋友不在同一频道上，越聊越心累怎么办？]]></Description><PicUrl><![CDATA[https://pic4.zhimg.com/v2-f49dbc78192c883a6348c8842d33667f.jpg]]></PicUrl><Url><![CDATA[http://stark.wang]]></Url></item><item><Title><![CDATA[看过《至暗时刻》的人，都认为他的表演足够捧起一座小金人]]></Title><Description><![CDATA[看过《至暗时刻》的人，都认为他的表演足够捧起一座小金人]]></Description><PicUrl><![CDATA[https://pic2.zhimg.com/v2-2678728609d4564fe3e5d10618c45e45.jpg]]></PicUrl><Url><![CDATA[http://stark.wang]]></Url></item><item><Title><![CDATA[帮残障人士「打手枪」的人]]></Title><Description><![CDATA[帮残障人士「打手枪」的人]]></Description><PicUrl><![CDATA[https://pic4.zhimg.com/v2-9479dcccb46b168cf29386d109c24af3.jpg]]></PicUrl><Url><![CDATA[http://stark.wang]]></Url></item><item><Title><![CDATA[马云、刘强东、丁磊、李彦宏：饭局上的中国互联网]]></Title><Description><![CDATA[马云、刘强东、丁磊、李彦宏：饭局上的中国互联网]]></Description><PicUrl><![CDATA[https://pic1.zhimg.com/v2-9d1dda5d35daf91b7a6839820321fd30.jpg]]></PicUrl><Url><![CDATA[http://stark.wang]]></Url></item><item><Title><![CDATA[瞎扯 · 如何正确地吐槽]]></Title><Description><![CDATA[瞎扯 · 如何正确地吐槽]]></Description><PicUrl><![CDATA[https://pic3.zhimg.com/v2-5bf06c894913c67d221ba98d34cde832.jpg]]></PicUrl><Url><![CDATA[http://stark.wang]]></Url></item></Articles></xml>

知乎日报

<xml>
<ToUserName><![CDATA[oPs5ouE8oPGbTyMHgEt1OkvSzG4g]]></ToUserName>
<FromUserName><![CDATA[gh_f91894e6efcb]]></FromUserName>
<CreateTime>1512628370</CreateTime>
<MsgType><![CDATA[news]]></MsgType><ArticleCount>3</ArticleCount><Articles><item><Title><![CDATA[安琪拉]]></Title><Description><![CDATA[hi 安琪拉！！！]]></Description><PicUrl><![CDATA[https://timgsa.baidu.com/timg?image&quality=80&size=b9999_10000&sec=1513221767&di=112afbccd30f26c20392a7dfff06926a&imgtype=jpg&er=1&src=http%3A%2F%2Fqtimg.bdstatic.com%2Fhiapk%2Fgame%2F201707%2F04%2F595af6d2285d9.jpg]]></PicUrl><Url><![CDATA[http://stark.wang]]></Url></item><item><Title><![CDATA[李白，今朝有酒今朝醉]]></Title><Description><![CDATA[今朝有酒今朝醉，李白就是一个诗人]]></Description><PicUrl><![CDATA[https://timgsa.baidu.com/timg?image&quality=80&size=b9999_10000&sec=1512627415601&di=a48be9abc9661620472cf49c9388f221&imgtype=0&src=http%3A%2F%2Fi1.17173cdn.com%2F2fhnvk%2FYWxqaGBf%2Fcms3%2FXivJLTbldqzvDcv.jpg]]></PicUrl><Url><![CDATA[http://stark.wang]]></Url></item><item><Title><![CDATA[钟馗]]></Title><Description><![CDATA[哈哈哈哈哈哈哈哈哈哈哈哈哈哈哈哈哈]]></Description><PicUrl><![CDATA[https://timgsa.baidu.com/timg?image&quality=80&size=b9999_10000&sec=1513222223&di=40ac217b31655f2dee782c8be7c67aa4&imgtype=jpg&er=1&src=http%3A%2F%2Fzhidao.3533.com%2Fuploads%2Fanswer%2F20160324%2F34c6cc35fe42f302e4c96b9984f55c5e.jpg]]></PicUrl><Url><![CDATA[http://stark.wang]]></Url></item></Articles></xml>

<xml>
<ToUserName><![CDATA[oPs5ouE8oPGbTyMHgEt1OkvSzG4g]]></ToUserName>
<FromUserName><![CDATA[gh_f91894e6efcb]]></FromUserName>
<CreateTime>1512628370</CreateTime>
<MsgType><![CDATA[news]]></MsgType><ArticleCount>9</ArticleCount><Articles><item><Title><![CDATA[知道哪些法律小常识，可以在职场中保护自己？]]></Title><Description><![CDATA[知道哪些法律小常识，可以在职场中保护自己？]]></Description><PicUrl><![CDATA[https://pic4.zhimg.com/v2-55447e90bd6daecf56352030ea93efdb.jpg]]></PicUrl><Url><![CDATA[http://stark.wang]]></Url></item><item><Title><![CDATA[大误 · 假如当年牛顿是坐在西瓜树下……]]></Title><Description><![CDATA[大误 · 假如当年牛顿是坐在西瓜树下……]]></Description><PicUrl><![CDATA[https://pic3.zhimg.com/v2-1af2bc53a9f129670406ae57cd75da62.jpg]]></PicUrl><Url><![CDATA[http://stark.wang]]></Url></item><item><Title><![CDATA[你平时习惯蹲坑 or 马桶？来看看谁更不卫生吧]]></Title><Description><![CDATA[你平时习惯蹲坑 or 马桶？来看看谁更不卫生吧]]></Description><PicUrl><![CDATA[https://pic3.zhimg.com/v2-ddac8d73cc78a4f0084f9f857ef1a7d2.jpg]]></PicUrl><Url><![CDATA[http://stark.wang]]></Url></item><item><Title><![CDATA[经常打小广告的「代开发票」到底是怎么牟利的？]]></Title><Description><![CDATA[经常打小广告的「代开发票」到底是怎么牟利的？]]></Description><PicUrl><![CDATA[https://pic4.zhimg.com/v2-55ec029ace9595ab60b56d7c5eed6c87.jpg]]></PicUrl><Url><![CDATA[http://stark.wang]]></Url></item><item><Title><![CDATA[总觉得和男朋友不在同一频道上，越聊越心累怎么办？]]></Title><Description><![CDATA[总觉得和男朋友不在同一频道上，越聊越心累怎么办？]]></Description><PicUrl><![CDATA[https://pic4.zhimg.com/v2-f49dbc78192c883a6348c8842d33667f.jpg]]></PicUrl><Url><![CDATA[http://stark.wang]]></Url></item><item><Title><![CDATA[看过《至暗时刻》的人，都认为他的表演足够捧起一座小金人]]></Title><Description><![CDATA[看过《至暗时刻》的人，都认为他的表演足够捧起一座小金人]]></Description><PicUrl><![CDATA[https://pic2.zhimg.com/v2-2678728609d4564fe3e5d10618c45e45.jpg]]></PicUrl><Url><![CDATA[http://stark.wang]]></Url></item><item><Title><![CDATA[帮残障人士「打手枪」的人]]></Title><Description><![CDATA[帮残障人士「打手枪」的人]]></Description><PicUrl><![CDATA[https://pic4.zhimg.com/v2-9479dcccb46b168cf29386d109c24af3.jpg]]></PicUrl><Url><![CDATA[http://stark.wang]]></Url></item><item><Title><![CDATA[马云、刘强东、丁磊、李彦宏：饭局上的中国互联网]]></Title><Description><![CDATA[马云、刘强东、丁磊、李彦宏：饭局上的中国互联网]]></Description><PicUrl><![CDATA[https://pic1.zhimg.com/v2-9d1dda5d35daf91b7a6839820321fd30.jpg]]></PicUrl><Url><![CDATA[http://stark.wang]]></Url></item><item><Title><![CDATA[瞎扯 · 如何正确地吐槽]]></Title><Description><![CDATA[瞎扯 · 如何正确地吐槽]]></Description><PicUrl><![CDATA[https://pic3.zhimg.com/v2-5bf06c894913c67d221ba98d34cde832.jpg]]></PicUrl><Url><![CDATA[http://stark.wang]]></Url></item></Articles></xml>

知乎日报

<xml>
<ToUserName><![CDATA[oPs5ouE8oPGbTyMHgEt1OkvSzG4g]]></ToUserName>
<FromUserName><![CDATA[gh_f91894e6efcb]]></FromUserName>
<CreateTime>1512628406</CreateTime>
<MsgType><![CDATA[news]]></MsgType><ArticleCount>9</ArticleCount><Articles><item><Title><![CDATA[知道哪些法律小常识，可以在职场中保护自己？]]></Title><Description><![CDATA[知道哪些法律小常识，可以在职场中保护自己？]]></Description><PicUrl><![CDATA[https://pic4.zhimg.com/v2-55447e90bd6daecf56352030ea93efdb.jpg]]></PicUrl><Url><![CDATA[http://stark.wang]]></Url></item><item><Title><![CDATA[大误 · 假如当年牛顿是坐在西瓜树下……]]></Title><Description><![CDATA[大误 · 假如当年牛顿是坐在西瓜树下……]]></Description><PicUrl><![CDATA[https://pic3.zhimg.com/v2-1af2bc53a9f129670406ae57cd75da62.jpg]]></PicUrl><Url><![CDATA[http://stark.wang]]></Url></item><item><Title><![CDATA[你平时习惯蹲坑 or 马桶？来看看谁更不卫生吧]]></Title><Description><![CDATA[你平时习惯蹲坑 or 马桶？来看看谁更不卫生吧]]></Description><PicUrl><![CDATA[https://pic3.zhimg.com/v2-ddac8d73cc78a4f0084f9f857ef1a7d2.jpg]]></PicUrl><Url><![CDATA[http://stark.wang]]></Url></item><item><Title><![CDATA[经常打小广告的「代开发票」到底是怎么牟利的？]]></Title><Description><![CDATA[经常打小广告的「代开发票」到底是怎么牟利的？]]></Description><PicUrl><![CDATA[https://pic4.zhimg.com/v2-55ec029ace9595ab60b56d7c5eed6c87.jpg]]></PicUrl><Url><![CDATA[http://stark.wang]]></Url></item><item><Title><![CDATA[总觉得和男朋友不在同一频道上，越聊越心累怎么办？]]></Title><Description><![CDATA[总觉得和男朋友不在同一频道上，越聊越心累怎么办？]]></Description><PicUrl><![CDATA[https://pic4.zhimg.com/v2-f49dbc78192c883a6348c8842d33667f.jpg]]></PicUrl><Url><![CDATA[http://stark.wang]]></Url></item><item><Title><![CDATA[看过《至暗时刻》的人，都认为他的表演足够捧起一座小金人]]></Title><Description><![CDATA[看过《至暗时刻》的人，都认为他的表演足够捧起一座小金人]]></Description><PicUrl><![CDATA[https://pic2.zhimg.com/v2-2678728609d4564fe3e5d10618c45e45.jpg]]></PicUrl><Url><![CDATA[http://stark.wang]]></Url></item><item><Title><![CDATA[帮残障人士「打手枪」的人]]></Title><Description><![CDATA[帮残障人士「打手枪」的人]]></Description><PicUrl><![CDATA[https://pic4.zhimg.com/v2-9479dcccb46b168cf29386d109c24af3.jpg]]></PicUrl><Url><![CDATA[http://stark.wang]]></Url></item><item><Title><![CDATA[马云、刘强东、丁磊、李彦宏：饭局上的中国互联网]]></Title><Description><![CDATA[马云、刘强东、丁磊、李彦宏：饭局上的中国互联网]]></Description><PicUrl><![CDATA[https://pic1.zhimg.com/v2-9d1dda5d35daf91b7a6839820321fd30.jpg]]></PicUrl><Url><![CDATA[http://stark.wang]]></Url></item><item><Title><![CDATA[瞎扯 · 如何正确地吐槽]]></Title><Description><![CDATA[瞎扯 · 如何正确地吐槽]]></Description><PicUrl><![CDATA[https://pic3.zhimg.com/v2-5bf06c894913c67d221ba98d34cde832.jpg]]></PicUrl><Url><![CDATA[http://stark.wang]]></Url></item></Articles></xml>

知乎日报

<xml>
<ToUserName><![CDATA[oPs5ouJo9l4yBJCWcWvbyIKQEFFc]]></ToUserName>
<FromUserName><![CDATA[gh_f91894e6efcb]]></FromUserName>
<CreateTime>1512628408</CreateTime>
<MsgType><![CDATA[news]]></MsgType><ArticleCount>9</ArticleCount><Articles><item><Title><![CDATA[知道哪些法律小常识，可以在职场中保护自己？]]></Title><Description><![CDATA[知道哪些法律小常识，可以在职场中保护自己？]]></Description><PicUrl><![CDATA[https://pic4.zhimg.com/v2-55447e90bd6daecf56352030ea93efdb.jpg]]></PicUrl><Url><![CDATA[http://stark.wang]]></Url></item><item><Title><![CDATA[大误 · 假如当年牛顿是坐在西瓜树下……]]></Title><Description><![CDATA[大误 · 假如当年牛顿是坐在西瓜树下……]]></Description><PicUrl><![CDATA[https://pic3.zhimg.com/v2-1af2bc53a9f129670406ae57cd75da62.jpg]]></PicUrl><Url><![CDATA[http://stark.wang]]></Url></item><item><Title><![CDATA[你平时习惯蹲坑 or 马桶？来看看谁更不卫生吧]]></Title><Description><![CDATA[你平时习惯蹲坑 or 马桶？来看看谁更不卫生吧]]></Description><PicUrl><![CDATA[https://pic3.zhimg.com/v2-ddac8d73cc78a4f0084f9f857ef1a7d2.jpg]]></PicUrl><Url><![CDATA[http://stark.wang]]></Url></item><item><Title><![CDATA[经常打小广告的「代开发票」到底是怎么牟利的？]]></Title><Description><![CDATA[经常打小广告的「代开发票」到底是怎么牟利的？]]></Description><PicUrl><![CDATA[https://pic4.zhimg.com/v2-55ec029ace9595ab60b56d7c5eed6c87.jpg]]></PicUrl><Url><![CDATA[http://stark.wang]]></Url></item><item><Title><![CDATA[总觉得和男朋友不在同一频道上，越聊越心累怎么办？]]></Title><Description><![CDATA[总觉得和男朋友不在同一频道上，越聊越心累怎么办？]]></Description><PicUrl><![CDATA[https://pic4.zhimg.com/v2-f49dbc78192c883a6348c8842d33667f.jpg]]></PicUrl><Url><![CDATA[http://stark.wang]]></Url></item><item><Title><![CDATA[看过《至暗时刻》的人，都认为他的表演足够捧起一座小金人]]></Title><Description><![CDATA[看过《至暗时刻》的人，都认为他的表演足够捧起一座小金人]]></Description><PicUrl><![CDATA[https://pic2.zhimg.com/v2-2678728609d4564fe3e5d10618c45e45.jpg]]></PicUrl><Url><![CDATA[http://stark.wang]]></Url></item><item><Title><![CDATA[帮残障人士「打手枪」的人]]></Title><Description><![CDATA[帮残障人士「打手枪」的人]]></Description><PicUrl><![CDATA[https://pic4.zhimg.com/v2-9479dcccb46b168cf29386d109c24af3.jpg]]></PicUrl><Url><![CDATA[http://stark.wang]]></Url></item><item><Title><![CDATA[马云、刘强东、丁磊、李彦宏：饭局上的中国互联网]]></Title><Description><![CDATA[马云、刘强东、丁磊、李彦宏：饭局上的中国互联网]]></Description><PicUrl><![CDATA[https://pic1.zhimg.com/v2-9d1dda5d35daf91b7a6839820321fd30.jpg]]></PicUrl><Url><![CDATA[http://stark.wang]]></Url></item><item><Title><![CDATA[瞎扯 · 如何正确地吐槽]]></Title><Description><![CDATA[瞎扯 · 如何正确地吐槽]]></Description><PicUrl><![CDATA[https://pic3.zhimg.com/v2-5bf06c894913c67d221ba98d34cde832.jpg]]></PicUrl><Url><![CDATA[http://stark.wang]]></Url></item></Articles></xml>

知乎日报

<xml>
<ToUserName><![CDATA[oPs5ouLW3qg7P6CLj-jS7M1XVtSw]]></ToUserName>
<FromUserName><![CDATA[gh_f91894e6efcb]]></FromUserName>
<CreateTime>1512628415</CreateTime>
<MsgType><![CDATA[news]]></MsgType><ArticleCount>9</ArticleCount><Articles><item><Title><![CDATA[知道哪些法律小常识，可以在职场中保护自己？]]></Title><Description><![CDATA[知道哪些法律小常识，可以在职场中保护自己？]]></Description><PicUrl><![CDATA[https://pic4.zhimg.com/v2-55447e90bd6daecf56352030ea93efdb.jpg]]></PicUrl><Url><![CDATA[http://stark.wang]]></Url></item><item><Title><![CDATA[大误 · 假如当年牛顿是坐在西瓜树下……]]></Title><Description><![CDATA[大误 · 假如当年牛顿是坐在西瓜树下……]]></Description><PicUrl><![CDATA[https://pic3.zhimg.com/v2-1af2bc53a9f129670406ae57cd75da62.jpg]]></PicUrl><Url><![CDATA[http://stark.wang]]></Url></item><item><Title><![CDATA[你平时习惯蹲坑 or 马桶？来看看谁更不卫生吧]]></Title><Description><![CDATA[你平时习惯蹲坑 or 马桶？来看看谁更不卫生吧]]></Description><PicUrl><![CDATA[https://pic3.zhimg.com/v2-ddac8d73cc78a4f0084f9f857ef1a7d2.jpg]]></PicUrl><Url><![CDATA[http://stark.wang]]></Url></item><item><Title><![CDATA[经常打小广告的「代开发票」到底是怎么牟利的？]]></Title><Description><![CDATA[经常打小广告的「代开发票」到底是怎么牟利的？]]></Description><PicUrl><![CDATA[https://pic4.zhimg.com/v2-55ec029ace9595ab60b56d7c5eed6c87.jpg]]></PicUrl><Url><![CDATA[http://stark.wang]]></Url></item><item><Title><![CDATA[总觉得和男朋友不在同一频道上，越聊越心累怎么办？]]></Title><Description><![CDATA[总觉得和男朋友不在同一频道上，越聊越心累怎么办？]]></Description><PicUrl><![CDATA[https://pic4.zhimg.com/v2-f49dbc78192c883a6348c8842d33667f.jpg]]></PicUrl><Url><![CDATA[http://stark.wang]]></Url></item><item><Title><![CDATA[看过《至暗时刻》的人，都认为他的表演足够捧起一座小金人]]></Title><Description><![CDATA[看过《至暗时刻》的人，都认为他的表演足够捧起一座小金人]]></Description><PicUrl><![CDATA[https://pic2.zhimg.com/v2-2678728609d4564fe3e5d10618c45e45.jpg]]></PicUrl><Url><![CDATA[http://stark.wang]]></Url></item><item><Title><![CDATA[帮残障人士「打手枪」的人]]></Title><Description><![CDATA[帮残障人士「打手枪」的人]]></Description><PicUrl><![CDATA[https://pic4.zhimg.com/v2-9479dcccb46b168cf29386d109c24af3.jpg]]></PicUrl><Url><![CDATA[http://stark.wang]]></Url></item><item><Title><![CDATA[马云、刘强东、丁磊、李彦宏：饭局上的中国互联网]]></Title><Description><![CDATA[马云、刘强东、丁磊、李彦宏：饭局上的中国互联网]]></Description><PicUrl><![CDATA[https://pic1.zhimg.com/v2-9d1dda5d35daf91b7a6839820321fd30.jpg]]></PicUrl><Url><![CDATA[http://stark.wang]]></Url></item><item><Title><![CDATA[瞎扯 · 如何正确地吐槽]]></Title><Description><![CDATA[瞎扯 · 如何正确地吐槽]]></Description><PicUrl><![CDATA[https://pic3.zhimg.com/v2-5bf06c894913c67d221ba98d34cde832.jpg]]></PicUrl><Url><![CDATA[http://stark.wang]]></Url></item></Articles></xml>

知乎日报

<xml>
<ToUserName><![CDATA[oPs5ouE8oPGbTyMHgEt1OkvSzG4g]]></ToUserName>
<FromUserName><![CDATA[gh_f91894e6efcb]]></FromUserName>
<CreateTime>1512628419</CreateTime>
<MsgType><![CDATA[news]]></MsgType><ArticleCount>9</ArticleCount><Articles><item><Title><![CDATA[知道哪些法律小常识，可以在职场中保护自己？]]></Title><Description><![CDATA[知道哪些法律小常识，可以在职场中保护自己？]]></Description><PicUrl><![CDATA[https://pic4.zhimg.com/v2-55447e90bd6daecf56352030ea93efdb.jpg]]></PicUrl><Url><![CDATA[http://stark.wang]]></Url></item><item><Title><![CDATA[大误 · 假如当年牛顿是坐在西瓜树下……]]></Title><Description><![CDATA[大误 · 假如当年牛顿是坐在西瓜树下……]]></Description><PicUrl><![CDATA[https://pic3.zhimg.com/v2-1af2bc53a9f129670406ae57cd75da62.jpg]]></PicUrl><Url><![CDATA[http://stark.wang]]></Url></item><item><Title><![CDATA[你平时习惯蹲坑 or 马桶？来看看谁更不卫生吧]]></Title><Description><![CDATA[你平时习惯蹲坑 or 马桶？来看看谁更不卫生吧]]></Description><PicUrl><![CDATA[https://pic3.zhimg.com/v2-ddac8d73cc78a4f0084f9f857ef1a7d2.jpg]]></PicUrl><Url><![CDATA[http://stark.wang]]></Url></item><item><Title><![CDATA[经常打小广告的「代开发票」到底是怎么牟利的？]]></Title><Description><![CDATA[经常打小广告的「代开发票」到底是怎么牟利的？]]></Description><PicUrl><![CDATA[https://pic4.zhimg.com/v2-55ec029ace9595ab60b56d7c5eed6c87.jpg]]></PicUrl><Url><![CDATA[http://stark.wang]]></Url></item><item><Title><![CDATA[总觉得和男朋友不在同一频道上，越聊越心累怎么办？]]></Title><Description><![CDATA[总觉得和男朋友不在同一频道上，越聊越心累怎么办？]]></Description><PicUrl><![CDATA[https://pic4.zhimg.com/v2-f49dbc78192c883a6348c8842d33667f.jpg]]></PicUrl><Url><![CDATA[http://stark.wang]]></Url></item><item><Title><![CDATA[看过《至暗时刻》的人，都认为他的表演足够捧起一座小金人]]></Title><Description><![CDATA[看过《至暗时刻》的人，都认为他的表演足够捧起一座小金人]]></Description><PicUrl><![CDATA[https://pic2.zhimg.com/v2-2678728609d4564fe3e5d10618c45e45.jpg]]></PicUrl><Url><![CDATA[http://stark.wang]]></Url></item><item><Title><![CDATA[帮残障人士「打手枪」的人]]></Title><Description><![CDATA[帮残障人士「打手枪」的人]]></Description><PicUrl><![CDATA[https://pic4.zhimg.com/v2-9479dcccb46b168cf29386d109c24af3.jpg]]></PicUrl><Url><![CDATA[http://stark.wang]]></Url></item><item><Title><![CDATA[马云、刘强东、丁磊、李彦宏：饭局上的中国互联网]]></Title><Description><![CDATA[马云、刘强东、丁磊、李彦宏：饭局上的中国互联网]]></Description><PicUrl><![CDATA[https://pic1.zhimg.com/v2-9d1dda5d35daf91b7a6839820321fd30.jpg]]></PicUrl><Url><![CDATA[http://stark.wang]]></Url></item><item><Title><![CDATA[瞎扯 · 如何正确地吐槽]]></Title><Description><![CDATA[瞎扯 · 如何正确地吐槽]]></Description><PicUrl><![CDATA[https://pic3.zhimg.com/v2-5bf06c894913c67d221ba98d34cde832.jpg]]></PicUrl><Url><![CDATA[http://stark.wang]]></Url></item></Articles></xml>

知乎日报

<xml>
<ToUserName><![CDATA[oPs5ouLW3qg7P6CLj-jS7M1XVtSw]]></ToUserName>
<FromUserName><![CDATA[gh_f91894e6efcb]]></FromUserName>
<CreateTime>1512628476</CreateTime>
<MsgType><![CDATA[news]]></MsgType><ArticleCount>8</ArticleCount><Articles><item><Title><![CDATA[大误 · 假如当年牛顿是坐在西瓜树下……]]></Title><Description><![CDATA[大误 · 假如当年牛顿是坐在西瓜树下……]]></Description><PicUrl><![CDATA[https://pic3.zhimg.com/v2-1af2bc53a9f129670406ae57cd75da62.jpg]]></PicUrl><Url><![CDATA[http://stark.wang]]></Url></item><item><Title><![CDATA[你平时习惯蹲坑 or 马桶？来看看谁更不卫生吧]]></Title><Description><![CDATA[你平时习惯蹲坑 or 马桶？来看看谁更不卫生吧]]></Description><PicUrl><![CDATA[https://pic3.zhimg.com/v2-ddac8d73cc78a4f0084f9f857ef1a7d2.jpg]]></PicUrl><Url><![CDATA[http://stark.wang]]></Url></item><item><Title><![CDATA[经常打小广告的「代开发票」到底是怎么牟利的？]]></Title><Description><![CDATA[经常打小广告的「代开发票」到底是怎么牟利的？]]></Description><PicUrl><![CDATA[https://pic4.zhimg.com/v2-55ec029ace9595ab60b56d7c5eed6c87.jpg]]></PicUrl><Url><![CDATA[http://stark.wang]]></Url></item><item><Title><![CDATA[总觉得和男朋友不在同一频道上，越聊越心累怎么办？]]></Title><Description><![CDATA[总觉得和男朋友不在同一频道上，越聊越心累怎么办？]]></Description><PicUrl><![CDATA[https://pic4.zhimg.com/v2-f49dbc78192c883a6348c8842d33667f.jpg]]></PicUrl><Url><![CDATA[http://stark.wang]]></Url></item><item><Title><![CDATA[看过《至暗时刻》的人，都认为他的表演足够捧起一座小金人]]></Title><Description><![CDATA[看过《至暗时刻》的人，都认为他的表演足够捧起一座小金人]]></Description><PicUrl><![CDATA[https://pic2.zhimg.com/v2-2678728609d4564fe3e5d10618c45e45.jpg]]></PicUrl><Url><![CDATA[http://stark.wang]]></Url></item><item><Title><![CDATA[帮残障人士「打手枪」的人]]></Title><Description><![CDATA[帮残障人士「打手枪」的人]]></Description><PicUrl><![CDATA[https://pic4.zhimg.com/v2-9479dcccb46b168cf29386d109c24af3.jpg]]></PicUrl><Url><![CDATA[http://stark.wang]]></Url></item><item><Title><![CDATA[马云、刘强东、丁磊、李彦宏：饭局上的中国互联网]]></Title><Description><![CDATA[马云、刘强东、丁磊、李彦宏：饭局上的中国互联网]]></Description><PicUrl><![CDATA[https://pic1.zhimg.com/v2-9d1dda5d35daf91b7a6839820321fd30.jpg]]></PicUrl><Url><![CDATA[http://stark.wang]]></Url></item><item><Title><![CDATA[瞎扯 · 如何正确地吐槽]]></Title><Description><![CDATA[瞎扯 · 如何正确地吐槽]]></Description><PicUrl><![CDATA[https://pic3.zhimg.com/v2-5bf06c894913c67d221ba98d34cde832.jpg]]></PicUrl><Url><![CDATA[http://stark.wang]]></Url></item></Articles></xml>

知乎日报

<xml>
<ToUserName><![CDATA[oPs5ouJo9l4yBJCWcWvbyIKQEFFc]]></ToUserName>
<FromUserName><![CDATA[gh_f91894e6efcb]]></FromUserName>
<CreateTime>1512628500</CreateTime>
<MsgType><![CDATA[news]]></MsgType><ArticleCount>8</ArticleCount><Articles><item><Title><![CDATA[大误 · 假如当年牛顿是坐在西瓜树下……]]></Title><Description><![CDATA[大误 · 假如当年牛顿是坐在西瓜树下……]]></Description><PicUrl><![CDATA[https://pic3.zhimg.com/v2-1af2bc53a9f129670406ae57cd75da62.jpg]]></PicUrl><Url><![CDATA[http://stark.wang]]></Url></item><item><Title><![CDATA[你平时习惯蹲坑 or 马桶？来看看谁更不卫生吧]]></Title><Description><![CDATA[你平时习惯蹲坑 or 马桶？来看看谁更不卫生吧]]></Description><PicUrl><![CDATA[https://pic3.zhimg.com/v2-ddac8d73cc78a4f0084f9f857ef1a7d2.jpg]]></PicUrl><Url><![CDATA[http://stark.wang]]></Url></item><item><Title><![CDATA[经常打小广告的「代开发票」到底是怎么牟利的？]]></Title><Description><![CDATA[经常打小广告的「代开发票」到底是怎么牟利的？]]></Description><PicUrl><![CDATA[https://pic4.zhimg.com/v2-55ec029ace9595ab60b56d7c5eed6c87.jpg]]></PicUrl><Url><![CDATA[http://stark.wang]]></Url></item><item><Title><![CDATA[总觉得和男朋友不在同一频道上，越聊越心累怎么办？]]></Title><Description><![CDATA[总觉得和男朋友不在同一频道上，越聊越心累怎么办？]]></Description><PicUrl><![CDATA[https://pic4.zhimg.com/v2-f49dbc78192c883a6348c8842d33667f.jpg]]></PicUrl><Url><![CDATA[http://stark.wang]]></Url></item><item><Title><![CDATA[看过《至暗时刻》的人，都认为他的表演足够捧起一座小金人]]></Title><Description><![CDATA[看过《至暗时刻》的人，都认为他的表演足够捧起一座小金人]]></Description><PicUrl><![CDATA[https://pic2.zhimg.com/v2-2678728609d4564fe3e5d10618c45e45.jpg]]></PicUrl><Url><![CDATA[http://stark.wang]]></Url></item><item><Title><![CDATA[帮残障人士「打手枪」的人]]></Title><Description><![CDATA[帮残障人士「打手枪」的人]]></Description><PicUrl><![CDATA[https://pic4.zhimg.com/v2-9479dcccb46b168cf29386d109c24af3.jpg]]></PicUrl><Url><![CDATA[http://stark.wang]]></Url></item><item><Title><![CDATA[马云、刘强东、丁磊、李彦宏：饭局上的中国互联网]]></Title><Description><![CDATA[马云、刘强东、丁磊、李彦宏：饭局上的中国互联网]]></Description><PicUrl><![CDATA[https://pic1.zhimg.com/v2-9d1dda5d35daf91b7a6839820321fd30.jpg]]></PicUrl><Url><![CDATA[http://stark.wang]]></Url></item><item><Title><![CDATA[瞎扯 · 如何正确地吐槽]]></Title><Description><![CDATA[瞎扯 · 如何正确地吐槽]]></Description><PicUrl><![CDATA[https://pic3.zhimg.com/v2-5bf06c894913c67d221ba98d34cde832.jpg]]></PicUrl><Url><![CDATA[http://stark.wang]]></Url></item></Articles></xml>

李春阳

知乎日报

<xml>
<ToUserName><![CDATA[oPs5ouAKpnM7F4kKTdYrApv5TtJA]]></ToUserName>
<FromUserName><![CDATA[gh_f91894e6efcb]]></FromUserName>
<CreateTime>1512628503</CreateTime>
<MsgType><![CDATA[news]]></MsgType><ArticleCount>8</ArticleCount><Articles><item><Title><![CDATA[大误 · 假如当年牛顿是坐在西瓜树下……]]></Title><Description><![CDATA[大误 · 假如当年牛顿是坐在西瓜树下……]]></Description><PicUrl><![CDATA[https://pic3.zhimg.com/v2-1af2bc53a9f129670406ae57cd75da62.jpg]]></PicUrl><Url><![CDATA[http://stark.wang]]></Url></item><item><Title><![CDATA[你平时习惯蹲坑 or 马桶？来看看谁更不卫生吧]]></Title><Description><![CDATA[你平时习惯蹲坑 or 马桶？来看看谁更不卫生吧]]></Description><PicUrl><![CDATA[https://pic3.zhimg.com/v2-ddac8d73cc78a4f0084f9f857ef1a7d2.jpg]]></PicUrl><Url><![CDATA[http://stark.wang]]></Url></item><item><Title><![CDATA[经常打小广告的「代开发票」到底是怎么牟利的？]]></Title><Description><![CDATA[经常打小广告的「代开发票」到底是怎么牟利的？]]></Description><PicUrl><![CDATA[https://pic4.zhimg.com/v2-55ec029ace9595ab60b56d7c5eed6c87.jpg]]></PicUrl><Url><![CDATA[http://stark.wang]]></Url></item><item><Title><![CDATA[总觉得和男朋友不在同一频道上，越聊越心累怎么办？]]></Title><Description><![CDATA[总觉得和男朋友不在同一频道上，越聊越心累怎么办？]]></Description><PicUrl><![CDATA[https://pic4.zhimg.com/v2-f49dbc78192c883a6348c8842d33667f.jpg]]></PicUrl><Url><![CDATA[http://stark.wang]]></Url></item><item><Title><![CDATA[看过《至暗时刻》的人，都认为他的表演足够捧起一座小金人]]></Title><Description><![CDATA[看过《至暗时刻》的人，都认为他的表演足够捧起一座小金人]]></Description><PicUrl><![CDATA[https://pic2.zhimg.com/v2-2678728609d4564fe3e5d10618c45e45.jpg]]></PicUrl><Url><![CDATA[http://stark.wang]]></Url></item><item><Title><![CDATA[帮残障人士「打手枪」的人]]></Title><Description><![CDATA[帮残障人士「打手枪」的人]]></Description><PicUrl><![CDATA[https://pic4.zhimg.com/v2-9479dcccb46b168cf29386d109c24af3.jpg]]></PicUrl><Url><![CDATA[http://stark.wang]]></Url></item><item><Title><![CDATA[马云、刘强东、丁磊、李彦宏：饭局上的中国互联网]]></Title><Description><![CDATA[马云、刘强东、丁磊、李彦宏：饭局上的中国互联网]]></Description><PicUrl><![CDATA[https://pic1.zhimg.com/v2-9d1dda5d35daf91b7a6839820321fd30.jpg]]></PicUrl><Url><![CDATA[http://stark.wang]]></Url></item><item><Title><![CDATA[瞎扯 · 如何正确地吐槽]]></Title><Description><![CDATA[瞎扯 · 如何正确地吐槽]]></Description><PicUrl><![CDATA[https://pic3.zhimg.com/v2-5bf06c894913c67d221ba98d34cde832.jpg]]></PicUrl><Url><![CDATA[http://stark.wang]]></Url></item></Articles></xml>

故障了

知乎日报

<xml>
<ToUserName><![CDATA[oPs5ouJQPOetteHr1id7HrmkWhBA]]></ToUserName>
<FromUserName><![CDATA[gh_f91894e6efcb]]></FromUserName>
<CreateTime>1512628519</CreateTime>
<MsgType><![CDATA[news]]></MsgType><ArticleCount>8</ArticleCount><Articles><item><Title><![CDATA[大误 · 假如当年牛顿是坐在西瓜树下……]]></Title><Description><![CDATA[大误 · 假如当年牛顿是坐在西瓜树下……]]></Description><PicUrl><![CDATA[https://pic3.zhimg.com/v2-1af2bc53a9f129670406ae57cd75da62.jpg]]></PicUrl><Url><![CDATA[http://stark.wang]]></Url></item><item><Title><![CDATA[你平时习惯蹲坑 or 马桶？来看看谁更不卫生吧]]></Title><Description><![CDATA[你平时习惯蹲坑 or 马桶？来看看谁更不卫生吧]]></Description><PicUrl><![CDATA[https://pic3.zhimg.com/v2-ddac8d73cc78a4f0084f9f857ef1a7d2.jpg]]></PicUrl><Url><![CDATA[http://stark.wang]]></Url></item><item><Title><![CDATA[经常打小广告的「代开发票」到底是怎么牟利的？]]></Title><Description><![CDATA[经常打小广告的「代开发票」到底是怎么牟利的？]]></Description><PicUrl><![CDATA[https://pic4.zhimg.com/v2-55ec029ace9595ab60b56d7c5eed6c87.jpg]]></PicUrl><Url><![CDATA[http://stark.wang]]></Url></item><item><Title><![CDATA[总觉得和男朋友不在同一频道上，越聊越心累怎么办？]]></Title><Description><![CDATA[总觉得和男朋友不在同一频道上，越聊越心累怎么办？]]></Description><PicUrl><![CDATA[https://pic4.zhimg.com/v2-f49dbc78192c883a6348c8842d33667f.jpg]]></PicUrl><Url><![CDATA[http://stark.wang]]></Url></item><item><Title><![CDATA[看过《至暗时刻》的人，都认为他的表演足够捧起一座小金人]]></Title><Description><![CDATA[看过《至暗时刻》的人，都认为他的表演足够捧起一座小金人]]></Description><PicUrl><![CDATA[https://pic2.zhimg.com/v2-2678728609d4564fe3e5d10618c45e45.jpg]]></PicUrl><Url><![CDATA[http://stark.wang]]></Url></item><item><Title><![CDATA[帮残障人士「打手枪」的人]]></Title><Description><![CDATA[帮残障人士「打手枪」的人]]></Description><PicUrl><![CDATA[https://pic4.zhimg.com/v2-9479dcccb46b168cf29386d109c24af3.jpg]]></PicUrl><Url><![CDATA[http://stark.wang]]></Url></item><item><Title><![CDATA[马云、刘强东、丁磊、李彦宏：饭局上的中国互联网]]></Title><Description><![CDATA[马云、刘强东、丁磊、李彦宏：饭局上的中国互联网]]></Description><PicUrl><![CDATA[https://pic1.zhimg.com/v2-9d1dda5d35daf91b7a6839820321fd30.jpg]]></PicUrl><Url><![CDATA[http://stark.wang]]></Url></item><item><Title><![CDATA[瞎扯 · 如何正确地吐槽]]></Title><Description><![CDATA[瞎扯 · 如何正确地吐槽]]></Description><PicUrl><![CDATA[https://pic3.zhimg.com/v2-5bf06c894913c67d221ba98d34cde832.jpg]]></PicUrl><Url><![CDATA[http://stark.wang]]></Url></item></Articles></xml>

知乎日报

<xml>
<ToUserName><![CDATA[oPs5ouE8oPGbTyMHgEt1OkvSzG4g]]></ToUserName>
<FromUserName><![CDATA[gh_f91894e6efcb]]></FromUserName>
<CreateTime>1512628523</CreateTime>
<MsgType><![CDATA[news]]></MsgType><ArticleCount>8</ArticleCount><Articles><item><Title><![CDATA[大误 · 假如当年牛顿是坐在西瓜树下……]]></Title><Description><![CDATA[大误 · 假如当年牛顿是坐在西瓜树下……]]></Description><PicUrl><![CDATA[https://pic3.zhimg.com/v2-1af2bc53a9f129670406ae57cd75da62.jpg]]></PicUrl><Url><![CDATA[http://stark.wang]]></Url></item><item><Title><![CDATA[你平时习惯蹲坑 or 马桶？来看看谁更不卫生吧]]></Title><Description><![CDATA[你平时习惯蹲坑 or 马桶？来看看谁更不卫生吧]]></Description><PicUrl><![CDATA[https://pic3.zhimg.com/v2-ddac8d73cc78a4f0084f9f857ef1a7d2.jpg]]></PicUrl><Url><![CDATA[http://stark.wang]]></Url></item><item><Title><![CDATA[经常打小广告的「代开发票」到底是怎么牟利的？]]></Title><Description><![CDATA[经常打小广告的「代开发票」到底是怎么牟利的？]]></Description><PicUrl><![CDATA[https://pic4.zhimg.com/v2-55ec029ace9595ab60b56d7c5eed6c87.jpg]]></PicUrl><Url><![CDATA[http://stark.wang]]></Url></item><item><Title><![CDATA[总觉得和男朋友不在同一频道上，越聊越心累怎么办？]]></Title><Description><![CDATA[总觉得和男朋友不在同一频道上，越聊越心累怎么办？]]></Description><PicUrl><![CDATA[https://pic4.zhimg.com/v2-f49dbc78192c883a6348c8842d33667f.jpg]]></PicUrl><Url><![CDATA[http://stark.wang]]></Url></item><item><Title><![CDATA[看过《至暗时刻》的人，都认为他的表演足够捧起一座小金人]]></Title><Description><![CDATA[看过《至暗时刻》的人，都认为他的表演足够捧起一座小金人]]></Description><PicUrl><![CDATA[https://pic2.zhimg.com/v2-2678728609d4564fe3e5d10618c45e45.jpg]]></PicUrl><Url><![CDATA[http://stark.wang]]></Url></item><item><Title><![CDATA[帮残障人士「打手枪」的人]]></Title><Description><![CDATA[帮残障人士「打手枪」的人]]></Description><PicUrl><![CDATA[https://pic4.zhimg.com/v2-9479dcccb46b168cf29386d109c24af3.jpg]]></PicUrl><Url><![CDATA[http://stark.wang]]></Url></item><item><Title><![CDATA[马云、刘强东、丁磊、李彦宏：饭局上的中国互联网]]></Title><Description><![CDATA[马云、刘强东、丁磊、李彦宏：饭局上的中国互联网]]></Description><PicUrl><![CDATA[https://pic1.zhimg.com/v2-9d1dda5d35daf91b7a6839820321fd30.jpg]]></PicUrl><Url><![CDATA[http://stark.wang]]></Url></item><item><Title><![CDATA[瞎扯 · 如何正确地吐槽]]></Title><Description><![CDATA[瞎扯 · 如何正确地吐槽]]></Description><PicUrl><![CDATA[https://pic3.zhimg.com/v2-5bf06c894913c67d221ba98d34cde832.jpg]]></PicUrl><Url><![CDATA[http://stark.wang]]></Url></item></Articles></xml>

知乎日报

<xml>
<ToUserName><![CDATA[oPs5ouCvdfLgVYFP6aRLNhlO-vdQ]]></ToUserName>
<FromUserName><![CDATA[gh_f91894e6efcb]]></FromUserName>
<CreateTime>1512628524</CreateTime>
<MsgType><![CDATA[news]]></MsgType><ArticleCount>8</ArticleCount><Articles><item><Title><![CDATA[大误 · 假如当年牛顿是坐在西瓜树下……]]></Title><Description><![CDATA[大误 · 假如当年牛顿是坐在西瓜树下……]]></Description><PicUrl><![CDATA[https://pic3.zhimg.com/v2-1af2bc53a9f129670406ae57cd75da62.jpg]]></PicUrl><Url><![CDATA[http://stark.wang]]></Url></item><item><Title><![CDATA[你平时习惯蹲坑 or 马桶？来看看谁更不卫生吧]]></Title><Description><![CDATA[你平时习惯蹲坑 or 马桶？来看看谁更不卫生吧]]></Description><PicUrl><![CDATA[https://pic3.zhimg.com/v2-ddac8d73cc78a4f0084f9f857ef1a7d2.jpg]]></PicUrl><Url><![CDATA[http://stark.wang]]></Url></item><item><Title><![CDATA[经常打小广告的「代开发票」到底是怎么牟利的？]]></Title><Description><![CDATA[经常打小广告的「代开发票」到底是怎么牟利的？]]></Description><PicUrl><![CDATA[https://pic4.zhimg.com/v2-55ec029ace9595ab60b56d7c5eed6c87.jpg]]></PicUrl><Url><![CDATA[http://stark.wang]]></Url></item><item><Title><![CDATA[总觉得和男朋友不在同一频道上，越聊越心累怎么办？]]></Title><Description><![CDATA[总觉得和男朋友不在同一频道上，越聊越心累怎么办？]]></Description><PicUrl><![CDATA[https://pic4.zhimg.com/v2-f49dbc78192c883a6348c8842d33667f.jpg]]></PicUrl><Url><![CDATA[http://stark.wang]]></Url></item><item><Title><![CDATA[看过《至暗时刻》的人，都认为他的表演足够捧起一座小金人]]></Title><Description><![CDATA[看过《至暗时刻》的人，都认为他的表演足够捧起一座小金人]]></Description><PicUrl><![CDATA[https://pic2.zhimg.com/v2-2678728609d4564fe3e5d10618c45e45.jpg]]></PicUrl><Url><![CDATA[http://stark.wang]]></Url></item><item><Title><![CDATA[帮残障人士「打手枪」的人]]></Title><Description><![CDATA[帮残障人士「打手枪」的人]]></Description><PicUrl><![CDATA[https://pic4.zhimg.com/v2-9479dcccb46b168cf29386d109c24af3.jpg]]></PicUrl><Url><![CDATA[http://stark.wang]]></Url></item><item><Title><![CDATA[马云、刘强东、丁磊、李彦宏：饭局上的中国互联网]]></Title><Description><![CDATA[马云、刘强东、丁磊、李彦宏：饭局上的中国互联网]]></Description><PicUrl><![CDATA[https://pic1.zhimg.com/v2-9d1dda5d35daf91b7a6839820321fd30.jpg]]></PicUrl><Url><![CDATA[http://stark.wang]]></Url></item><item><Title><![CDATA[瞎扯 · 如何正确地吐槽]]></Title><Description><![CDATA[瞎扯 · 如何正确地吐槽]]></Description><PicUrl><![CDATA[https://pic3.zhimg.com/v2-5bf06c894913c67d221ba98d34cde832.jpg]]></PicUrl><Url><![CDATA[http://stark.wang]]></Url></item></Articles></xml>

知乎日报

<xml>
<ToUserName><![CDATA[oPs5ouNZpAdJqDSkaaY9cc_TUs5c]]></ToUserName>
<FromUserName><![CDATA[gh_f91894e6efcb]]></FromUserName>
<CreateTime>1512628532</CreateTime>
<MsgType><![CDATA[news]]></MsgType><ArticleCount>8</ArticleCount><Articles><item><Title><![CDATA[大误 · 假如当年牛顿是坐在西瓜树下……]]></Title><Description><![CDATA[大误 · 假如当年牛顿是坐在西瓜树下……]]></Description><PicUrl><![CDATA[https://pic3.zhimg.com/v2-1af2bc53a9f129670406ae57cd75da62.jpg]]></PicUrl><Url><![CDATA[http://stark.wang]]></Url></item><item><Title><![CDATA[你平时习惯蹲坑 or 马桶？来看看谁更不卫生吧]]></Title><Description><![CDATA[你平时习惯蹲坑 or 马桶？来看看谁更不卫生吧]]></Description><PicUrl><![CDATA[https://pic3.zhimg.com/v2-ddac8d73cc78a4f0084f9f857ef1a7d2.jpg]]></PicUrl><Url><![CDATA[http://stark.wang]]></Url></item><item><Title><![CDATA[经常打小广告的「代开发票」到底是怎么牟利的？]]></Title><Description><![CDATA[经常打小广告的「代开发票」到底是怎么牟利的？]]></Description><PicUrl><![CDATA[https://pic4.zhimg.com/v2-55ec029ace9595ab60b56d7c5eed6c87.jpg]]></PicUrl><Url><![CDATA[http://stark.wang]]></Url></item><item><Title><![CDATA[总觉得和男朋友不在同一频道上，越聊越心累怎么办？]]></Title><Description><![CDATA[总觉得和男朋友不在同一频道上，越聊越心累怎么办？]]></Description><PicUrl><![CDATA[https://pic4.zhimg.com/v2-f49dbc78192c883a6348c8842d33667f.jpg]]></PicUrl><Url><![CDATA[http://stark.wang]]></Url></item><item><Title><![CDATA[看过《至暗时刻》的人，都认为他的表演足够捧起一座小金人]]></Title><Description><![CDATA[看过《至暗时刻》的人，都认为他的表演足够捧起一座小金人]]></Description><PicUrl><![CDATA[https://pic2.zhimg.com/v2-2678728609d4564fe3e5d10618c45e45.jpg]]></PicUrl><Url><![CDATA[http://stark.wang]]></Url></item><item><Title><![CDATA[帮残障人士「打手枪」的人]]></Title><Description><![CDATA[帮残障人士「打手枪」的人]]></Description><PicUrl><![CDATA[https://pic4.zhimg.com/v2-9479dcccb46b168cf29386d109c24af3.jpg]]></PicUrl><Url><![CDATA[http://stark.wang]]></Url></item><item><Title><![CDATA[马云、刘强东、丁磊、李彦宏：饭局上的中国互联网]]></Title><Description><![CDATA[马云、刘强东、丁磊、李彦宏：饭局上的中国互联网]]></Description><PicUrl><![CDATA[https://pic1.zhimg.com/v2-9d1dda5d35daf91b7a6839820321fd30.jpg]]></PicUrl><Url><![CDATA[http://stark.wang]]></Url></item><item><Title><![CDATA[瞎扯 · 如何正确地吐槽]]></Title><Description><![CDATA[瞎扯 · 如何正确地吐槽]]></Description><PicUrl><![CDATA[https://pic3.zhimg.com/v2-5bf06c894913c67d221ba98d34cde832.jpg]]></PicUrl><Url><![CDATA[http://stark.wang]]></Url></item></Articles></xml>

啊

，

